Using pre-set license
Built from '2020.2/staging' branch; Version is '2020.2.3f1 (8ff31bc5bf5b) revision 9433883'; Using compiler version '192528614'; Build Type 'Release'
OS: 'Windows 10 Pro; OS build 19042.985; Version 2009; 64bit' Language: 'en' Physical Memory: 16228 MB
BatchMode: 1, IsHumanControllingUs: 0, StartBugReporterOnCrash: 0, Is64bit: 1, IsPro: 0

 COMMAND LINE ARGUMENTS:
C:\Program Files\Unity\Hub\Editor\2020.2.3f1\Editor\Unity.exe
-adb2
-batchMode
-noUpm
-name
AssetImportWorker0
-projectPath
D:/Omar/Unity/Platformer Game
-logFile
Logs/AssetImportWorker0.log
-srvPort
65365
Successfully changed project path to: D:/Omar/Unity/Platformer Game
D:/Omar/Unity/Platformer Game
Using Asset Import Pipeline V2.
Refreshing native plugins compatible for Editor in 55.19 ms, found 1 plugins.
Preloading 0 native plugins for Editor in 0.00 ms.
Initialize engine version: 2020.2.3f1 (8ff31bc5bf5b)
[Subsystems] Discovering subsystems at path C:/Program Files/Unity/Hub/Editor/2020.2.3f1/Editor/Data/Resources/UnitySubsystems
[Subsystems] Discovering subsystems at path D:/Omar/Unity/Platformer Game/Assets
GfxDevice: creating device client; threaded=0
Direct3D:
    Version:  Direct3D 11.0 [level 11.1]
    Renderer: NVIDIA GeForce GTX 1650 with Max-Q Design (ID=0x1f91)
    Vendor:   
    VRAM:     3962 MB
    Driver:   27.21.14.6647
Initialize mono
Mono path[0] = 'C:/Program Files/Unity/Hub/Editor/2020.2.3f1/Editor/Data/Managed'
Mono path[1] = 'C:/Program Files/Unity/Hub/Editor/2020.2.3f1/Editor/Data/MonoBleedingEdge/lib/mono/unityjit'
Mono config path = 'C:/Program Files/Unity/Hub/Editor/2020.2.3f1/Editor/Data/MonoBleedingEdge/etc'
Using monoOptions --debugger-agent=transport=dt_socket,embedding=1,server=y,suspend=n,address=127.0.0.1:56956
Begin MonoManager ReloadAssembly
Registering precompiled unity dll's ...
Register platform support module: C:/Program Files/Unity/Hub/Editor/2020.2.3f1/Editor/Data/PlaybackEngines/WindowsStandaloneSupport/UnityEditor.WindowsStandalone.Extensions.dll
Registered in 0.002848 seconds.
Native extension for WindowsStandalone target not found
Refreshing native plugins compatible for Editor in 46.45 ms, found 1 plugins.
Preloading 0 native plugins for Editor in 0.00 ms.
Invoked RoslynAnalysisRunner static constructor.
RoslynAnalysisRunner will not be running.
RoslynAnalysisRunner has terminated.
Mono: successfully reloaded assembly
- Completed reload, in  1.311 seconds
Platform modules already initialized, skipping
Registering precompiled user dll's ...
Registered in 0.000733 seconds.
Begin MonoManager ReloadAssembly
Native extension for WindowsStandalone target not found
Refreshing native plugins compatible for Editor in 49.80 ms, found 1 plugins.
Preloading 0 native plugins for Editor in 0.00 ms.
Invoked RoslynAnalysisRunner static constructor.
RoslynAnalysisRunner will not be running.
RoslynAnalysisRunner has terminated.
Mono: successfully reloaded assembly
- Completed reload, in  1.436 seconds
Platform modules already initialized, skipping
========================================================================
Worker process is ready to serve import requests
Launched and connected shader compiler UnityShaderCompiler.exe after 0.06 seconds
Refreshing native plugins compatible for Editor in 0.67 ms, found 1 plugins.
Preloading 0 native plugins for Editor in 0.00 ms.
Unloading 1792 Unused Serialized files (Serialized files now loaded: 0)
System memory in use before: 84.2 MB.
System memory in use after: 84.1 MB.

Unloading 24 unused Assets to reduce memory usage. Loaded Objects now: 2233.
Total: 3.784700 ms (FindLiveObjects: 0.446900 ms CreateObjectMapping: 0.190000 ms MarkObjects: 2.941700 ms  DeleteObjects: 0.203700 ms)

========================================================================
Received Import Request.
  path: Assets
  artifactKey: Guid(00000000000000001000000000000000) Importer(815301076,1909f56bfc062723c751e8b465ee728b)
Start importing Assets using Guid(00000000000000001000000000000000) Importer(815301076,1909f56bfc062723c751e8b465ee728b)  -> (artifact id: '653ce283d384579a24208b2e4d727c2a') in 0.011270 seconds
  Import took 0.067281 seconds .

========================================================================
Received Import Request.
  Time since last request: 99.707919 seconds.
  path: Assets/Sprites
  artifactKey: Guid(f4db57617cc478e49815c4e35f804810) Importer(815301076,1909f56bfc062723c751e8b465ee728b)
Start importing Assets/Sprites using Guid(f4db57617cc478e49815c4e35f804810) Importer(815301076,1909f56bfc062723c751e8b465ee728b)  -> (artifact id: '5f29f37fc8b456a70817b7c84bd80797') in 0.012033 seconds
  Import took 0.016777 seconds .

========================================================================
Received Import Request.
  Time since last request: 0.933798 seconds.
  path: Assets/Sprites/Background
  artifactKey: Guid(60f31b21cb80b33498bda5fadbc3a69e) Importer(815301076,1909f56bfc062723c751e8b465ee728b)
Start importing Assets/Sprites/Background using Guid(60f31b21cb80b33498bda5fadbc3a69e) Importer(815301076,1909f56bfc062723c751e8b465ee728b)  -> (artifact id: '5ae6bd1dfc5bb80a86e6ddfc6bfee732') in 0.011359 seconds
  Import took 0.101527 seconds .

========================================================================
Received Import Request.
  Time since last request: 0.000229 seconds.
  path: Assets/Sprites/Background/Background.png
  artifactKey: Guid(8293c510d22a4614ba6745582e38e7d8) Importer(815301076,1909f56bfc062723c751e8b465ee728b)
Start importing Assets/Sprites/Background/Background.png using Guid(8293c510d22a4614ba6745582e38e7d8) Importer(815301076,1909f56bfc062723c751e8b465ee728b)  -> (artifact id: '20f97761c68afc8c87a53acc0efe9ddf') in 0.149768 seconds
  Import took 0.153612 seconds .

========================================================================
Received Import Request.
  Time since last request: 7.649144 seconds.
  path: Assets/Sprites/Character
  artifactKey: Guid(4137d46b80acc85468feaa0abf2acb5a) Importer(815301076,1909f56bfc062723c751e8b465ee728b)
Start importing Assets/Sprites/Character using Guid(4137d46b80acc85468feaa0abf2acb5a) Importer(815301076,1909f56bfc062723c751e8b465ee728b)  -> (artifact id: '167220f91c30eee3b2e8a251beb40850') in 0.012171 seconds
  Import took 0.016539 seconds .

========================================================================
Received Import Request.
  Time since last request: 0.049913 seconds.
  path: Assets/Sprites/Character/Idle.png
  artifactKey: Guid(39bc81d64453ea9428fe602014a160c8) Importer(815301076,1909f56bfc062723c751e8b465ee728b)
Start importing Assets/Sprites/Character/Idle.png using Guid(39bc81d64453ea9428fe602014a160c8) Importer(815301076,1909f56bfc062723c751e8b465ee728b)  -> (artifact id: '130b9f83e329289a50e406f9d88c0508') in 0.077876 seconds
  Import took 0.082102 seconds .

========================================================================
Received Import Request.
  Time since last request: 0.000216 seconds.
  path: Assets/Sprites/Character/Run.png
  artifactKey: Guid(91a134f34d6466846b96723a6c3fd7a4) Importer(815301076,1909f56bfc062723c751e8b465ee728b)
Start importing Assets/Sprites/Character/Run.png using Guid(91a134f34d6466846b96723a6c3fd7a4) Importer(815301076,1909f56bfc062723c751e8b465ee728b)  -> (artifact id: 'e8df91bf23622375ecea7dab3314dea4') in 0.095083 seconds
  Import took 0.098962 seconds .

========================================================================
Received Import Request.
  Time since last request: 0.000187 seconds.
  path: Assets/Sprites/Character/Jump.png
  artifactKey: Guid(fbe87ee1bb44af94d8d0a0b9cc0562bc) Importer(815301076,1909f56bfc062723c751e8b465ee728b)
Start importing Assets/Sprites/Character/Jump.png using Guid(fbe87ee1bb44af94d8d0a0b9cc0562bc) Importer(815301076,1909f56bfc062723c751e8b465ee728b)  -> (artifact id: 'bd29a070783cab04b406ea665a6cce3d') in 0.027756 seconds
  Import took 0.031719 seconds .

========================================================================
Received Import Request.
  Time since last request: 0.003065 seconds.
  path: Assets/Sprites/Character/Jump.png
  artifactKey: Guid(fbe87ee1bb44af94d8d0a0b9cc0562bc) Importer(815301076,1909f56bfc062723c751e8b465ee728b)
Start importing Assets/Sprites/Character/Jump.png using Guid(fbe87ee1bb44af94d8d0a0b9cc0562bc) Importer(815301076,1909f56bfc062723c751e8b465ee728b)  -> (artifact id: 'bd29a070783cab04b406ea665a6cce3d') in 0.024842 seconds
  Import took 0.029164 seconds .

========================================================================
Received Import Request.
  Time since last request: 52.841818 seconds.
  path: Assets/Sprites/Coin Animation
  artifactKey: Guid(3687cd5aa94de5c44ac84ec79cfd1c5a) Importer(815301076,1909f56bfc062723c751e8b465ee728b)
Start importing Assets/Sprites/Coin Animation using Guid(3687cd5aa94de5c44ac84ec79cfd1c5a) Importer(815301076,1909f56bfc062723c751e8b465ee728b)  -> (artifact id: '1570a7abe7e25d76ee60408408d118ee') in 0.011302 seconds
  Import took 0.037817 seconds .

========================================================================
Received Import Request.
  Time since last request: 0.937184 seconds.
  path: Assets/Sprites/Coin Animation/2x
  artifactKey: Guid(aabaf93fae8d80244910215eaab4a83f) Importer(815301076,1909f56bfc062723c751e8b465ee728b)
Start importing Assets/Sprites/Coin Animation/2x using Guid(aabaf93fae8d80244910215eaab4a83f) Importer(815301076,1909f56bfc062723c751e8b465ee728b)  -> (artifact id: '6aac24ad7261df1d4fbf9fc62cc68116') in 0.015346 seconds
  Import took 0.021068 seconds .

========================================================================
Received Import Request.
  Time since last request: 0.062642 seconds.
  path: Assets/Sprites/Coin Animation/2x/Coin.png
  artifactKey: Guid(e0e21320accfdc8439b57dd85eeaf13a) Importer(815301076,1909f56bfc062723c751e8b465ee728b)
Start importing Assets/Sprites/Coin Animation/2x/Coin.png using Guid(e0e21320accfdc8439b57dd85eeaf13a) Importer(815301076,1909f56bfc062723c751e8b465ee728b)  -> (artifact id: 'f5d7c397c6c80a5a7efddfd36f3693b2') in 0.019814 seconds
  Import took 0.027338 seconds .

========================================================================
Received Import Request.
  Time since last request: 0.000212 seconds.
  path: Assets/Sprites/Coin Animation/2x/image 5.png
  artifactKey: Guid(1d6eeea4a0bea874c8f9210af2460a6f) Importer(815301076,1909f56bfc062723c751e8b465ee728b)
Start importing Assets/Sprites/Coin Animation/2x/image 5.png using Guid(1d6eeea4a0bea874c8f9210af2460a6f) Importer(815301076,1909f56bfc062723c751e8b465ee728b)  -> (artifact id: 'b60c95a4380d7f7c87a1545efdf6a8f0') in 0.021648 seconds
  Import took 0.040075 seconds .

========================================================================
Received Import Request.
  Time since last request: 0.000220 seconds.
  path: Assets/Sprites/Coin Animation/2x/image 3.png
  artifactKey: Guid(74184bf5cfa8eb24dbb1e09c5119a39c) Importer(815301076,1909f56bfc062723c751e8b465ee728b)
Start importing Assets/Sprites/Coin Animation/2x/image 3.png using Guid(74184bf5cfa8eb24dbb1e09c5119a39c) Importer(815301076,1909f56bfc062723c751e8b465ee728b)  -> (artifact id: '93b6fe0ae82577c89e6ab31da9f5adaa') in 0.023181 seconds
  Import took 0.028215 seconds .

========================================================================
Received Import Request.
  Time since last request: 0.000387 seconds.
  path: Assets/Sprites/Coin Animation/2x/image 15.png
  artifactKey: Guid(5eb063e8dd29522458888ac88e06ded5) Importer(815301076,1909f56bfc062723c751e8b465ee728b)
Start importing Assets/Sprites/Coin Animation/2x/image 15.png using Guid(5eb063e8dd29522458888ac88e06ded5) Importer(815301076,1909f56bfc062723c751e8b465ee728b)  -> (artifact id: 'd3ae7ebbffcdb1141b58b9cdad4a873c') in 0.021260 seconds
  Import took 0.026545 seconds .

========================================================================
Received Import Request.
  Time since last request: 0.000250 seconds.
  path: Assets/Sprites/Coin Animation/2x/image 1.png
  artifactKey: Guid(e55724ae052c2164dbb1c21028f026f0) Importer(815301076,1909f56bfc062723c751e8b465ee728b)
Start importing Assets/Sprites/Coin Animation/2x/image 1.png using Guid(e55724ae052c2164dbb1c21028f026f0) Importer(815301076,1909f56bfc062723c751e8b465ee728b)  -> (artifact id: '8f42a8a5ba1c8ee9f8db3696bb7dc005') in 0.026033 seconds
  Import took 0.043229 seconds .

========================================================================
Received Import Request.
  Time since last request: 0.000246 seconds.
  path: Assets/Sprites/Coin Animation/2x/image 2.png
  artifactKey: Guid(0422f6593d3191e4e9496d5643a501d2) Importer(815301076,1909f56bfc062723c751e8b465ee728b)
Start importing Assets/Sprites/Coin Animation/2x/image 2.png using Guid(0422f6593d3191e4e9496d5643a501d2) Importer(815301076,1909f56bfc062723c751e8b465ee728b)  -> (artifact id: '8549dfc796fd91be5f43df4578f4ecfd') in 0.019768 seconds
  Import took 0.024743 seconds .

========================================================================
Received Import Request.
  Time since last request: 0.000380 seconds.
  path: Assets/Sprites/Coin Animation/2x/image 6.png
  artifactKey: Guid(13314f6118909be438c0c750c0ecb1bd) Importer(815301076,1909f56bfc062723c751e8b465ee728b)
Start importing Assets/Sprites/Coin Animation/2x/image 6.png using Guid(13314f6118909be438c0c750c0ecb1bd) Importer(815301076,1909f56bfc062723c751e8b465ee728b)  -> (artifact id: '4c5f5fbd9d768b02cb9a502036ef084b') in 0.023789 seconds
  Import took 0.029531 seconds .

========================================================================
Received Import Request.
  Time since last request: 0.000190 seconds.
  path: Assets/Sprites/Coin Animation/2x/image 13.png
  artifactKey: Guid(12d2bebfaa37d484993bb2d43f2fa7ff) Importer(815301076,1909f56bfc062723c751e8b465ee728b)
Start importing Assets/Sprites/Coin Animation/2x/image 13.png using Guid(12d2bebfaa37d484993bb2d43f2fa7ff) Importer(815301076,1909f56bfc062723c751e8b465ee728b)  -> (artifact id: '05bbe8e97410ae4e7e656e5942d07ac3') in 0.020833 seconds
  Import took 0.027750 seconds .

========================================================================
Received Import Request.
  Time since last request: 0.000216 seconds.
  path: Assets/Sprites/Coin Animation/2x/image 7.png
  artifactKey: Guid(3a288e6aa23130c45b38b67248a186d2) Importer(815301076,1909f56bfc062723c751e8b465ee728b)
Start importing Assets/Sprites/Coin Animation/2x/image 7.png using Guid(3a288e6aa23130c45b38b67248a186d2) Importer(815301076,1909f56bfc062723c751e8b465ee728b)  -> (artifact id: 'b66c609e201294b5508d13e15d741f98') in 0.019833 seconds
  Import took 0.024251 seconds .

========================================================================
Received Import Request.
  Time since last request: 0.000247 seconds.
  path: Assets/Sprites/Coin Animation/2x/image 4.png
  artifactKey: Guid(4c4073cc43e57d34c9b51dad2aef7a4b) Importer(815301076,1909f56bfc062723c751e8b465ee728b)
Start importing Assets/Sprites/Coin Animation/2x/image 4.png using Guid(4c4073cc43e57d34c9b51dad2aef7a4b) Importer(815301076,1909f56bfc062723c751e8b465ee728b)  -> (artifact id: 'db98e6499fa94ec367f4662289c89d89') in 0.021874 seconds
  Import took 0.027056 seconds .

========================================================================
Received Import Request.
  Time since last request: 0.000222 seconds.
  path: Assets/Sprites/Coin Animation/2x/image 14.png
  artifactKey: Guid(49bea83d2398d2c40ad2cedb9cfe670e) Importer(815301076,1909f56bfc062723c751e8b465ee728b)
Start importing Assets/Sprites/Coin Animation/2x/image 14.png using Guid(49bea83d2398d2c40ad2cedb9cfe670e) Importer(815301076,1909f56bfc062723c751e8b465ee728b)  -> (artifact id: '762b1cf3c91c52616d704ccc0c389194') in 0.017593 seconds
  Import took 0.021839 seconds .

========================================================================
Received Import Request.
  Time since last request: 0.000210 seconds.
  path: Assets/Sprites/Coin Animation/2x/image 8.png
  artifactKey: Guid(fa276f7675c11c54bb7692a20e06164f) Importer(815301076,1909f56bfc062723c751e8b465ee728b)
Start importing Assets/Sprites/Coin Animation/2x/image 8.png using Guid(fa276f7675c11c54bb7692a20e06164f) Importer(815301076,1909f56bfc062723c751e8b465ee728b)  -> (artifact id: 'bf8e208a2ee86f44b76584a12cc5580d') in 0.018543 seconds
  Import took 0.023276 seconds .

========================================================================
Received Import Request.
  Time since last request: 0.000264 seconds.
  path: Assets/Sprites/Coin Animation/2x/image 16.png
  artifactKey: Guid(d3d0ad63e46bfdc48b3058f933b1b535) Importer(815301076,1909f56bfc062723c751e8b465ee728b)
Start importing Assets/Sprites/Coin Animation/2x/image 16.png using Guid(d3d0ad63e46bfdc48b3058f933b1b535) Importer(815301076,1909f56bfc062723c751e8b465ee728b)  -> (artifact id: '220afde918de4be7786c5993e1c37be1') in 0.023400 seconds
  Import took 0.028062 seconds .

========================================================================
Received Import Request.
  Time since last request: 0.000188 seconds.
  path: Assets/Sprites/Coin Animation/2x/image 11.png
  artifactKey: Guid(87eb65d630c05b945b0a46d5950e77e9) Importer(815301076,1909f56bfc062723c751e8b465ee728b)
Start importing Assets/Sprites/Coin Animation/2x/image 11.png using Guid(87eb65d630c05b945b0a46d5950e77e9) Importer(815301076,1909f56bfc062723c751e8b465ee728b)  -> (artifact id: '6aa1e2b854a39966c0faba86d3f303b8') in 0.021476 seconds
  Import took 0.025943 seconds .

========================================================================
Received Import Request.
  Time since last request: 0.000228 seconds.
  path: Assets/Sprites/Coin Animation/2x/image 9.png
  artifactKey: Guid(3c4c6058a24da2a4e85f5ed10af6404a) Importer(815301076,1909f56bfc062723c751e8b465ee728b)
Start importing Assets/Sprites/Coin Animation/2x/image 9.png using Guid(3c4c6058a24da2a4e85f5ed10af6404a) Importer(815301076,1909f56bfc062723c751e8b465ee728b)  -> (artifact id: 'd82a41609d5e5c9a9e5998990a78ef40') in 0.019194 seconds
  Import took 0.024193 seconds .

========================================================================
Received Import Request.
  Time since last request: 0.000246 seconds.
  path: Assets/Sprites/Coin Animation/2x/image 12.png
  artifactKey: Guid(ca73d9fa8d3ad8d4f86b922d7360f781) Importer(815301076,1909f56bfc062723c751e8b465ee728b)
Start importing Assets/Sprites/Coin Animation/2x/image 12.png using Guid(ca73d9fa8d3ad8d4f86b922d7360f781) Importer(815301076,1909f56bfc062723c751e8b465ee728b)  -> (artifact id: '543303b503a56fcdd92ee8576503e2d7') in 0.022425 seconds
  Import took 0.027202 seconds .

========================================================================
Received Import Request.
  Time since last request: 0.000215 seconds.
  path: Assets/Sprites/Coin Animation/2x/image 10.png
  artifactKey: Guid(4b903364737241a4a89bed9e6ecace5a) Importer(815301076,1909f56bfc062723c751e8b465ee728b)
Start importing Assets/Sprites/Coin Animation/2x/image 10.png using Guid(4b903364737241a4a89bed9e6ecace5a) Importer(815301076,1909f56bfc062723c751e8b465ee728b)  -> (artifact id: 'd9c20cb802562f17853b42ac2a33d881') in 0.020402 seconds
  Import took 0.025065 seconds .

========================================================================
Received Import Request.
  Time since last request: 3.496799 seconds.
  path: Assets/Sprites/Tiles
  artifactKey: Guid(24e8303be855ef448832040d1052d9f7) Importer(815301076,1909f56bfc062723c751e8b465ee728b)
Start importing Assets/Sprites/Tiles using Guid(24e8303be855ef448832040d1052d9f7) Importer(815301076,1909f56bfc062723c751e8b465ee728b)  -> (artifact id: '226ecf5130f7e56afcfbd918ba587366') in 0.008874 seconds
  Import took 0.012553 seconds .

========================================================================
Received Import Request.
  Time since last request: 0.000555 seconds.
  path: Assets/Sprites/Tiles
  artifactKey: Guid(24e8303be855ef448832040d1052d9f7) Importer(815301076,1909f56bfc062723c751e8b465ee728b)
Start importing Assets/Sprites/Tiles using Guid(24e8303be855ef448832040d1052d9f7) Importer(815301076,1909f56bfc062723c751e8b465ee728b)  -> (artifact id: '226ecf5130f7e56afcfbd918ba587366') in 0.002177 seconds
  Import took 0.006818 seconds .

========================================================================
Received Import Request.
  Time since last request: 0.051813 seconds.
  path: Assets/Sprites/Tiles/Dirt.png
  artifactKey: Guid(57354b11ef88d1746b143a2943917efd) Importer(815301076,1909f56bfc062723c751e8b465ee728b)
Start importing Assets/Sprites/Tiles/Dirt.png using Guid(57354b11ef88d1746b143a2943917efd) Importer(815301076,1909f56bfc062723c751e8b465ee728b)  -> (artifact id: '4fe33e84ca2ee347d7a9614c6a39106a') in 0.016332 seconds
  Import took 0.040656 seconds .

========================================================================
Received Import Request.
  Time since last request: 0.000208 seconds.
  path: Assets/Sprites/Tiles/Ground.png
  artifactKey: Guid(77bc07dc2aed68b45a1edd43d3f5efe4) Importer(815301076,1909f56bfc062723c751e8b465ee728b)
Start importing Assets/Sprites/Tiles/Ground.png using Guid(77bc07dc2aed68b45a1edd43d3f5efe4) Importer(815301076,1909f56bfc062723c751e8b465ee728b)  -> (artifact id: 'f78f33dca70111887a74e63aa8f9f399') in 0.016376 seconds
  Import took 0.020082 seconds .

========================================================================
Received Import Request.
  Time since last request: 1.456055 seconds.
  path: Assets/Sprites/Traps
  artifactKey: Guid(2e57b60f3151d8746adf9c164b1efad8) Importer(815301076,1909f56bfc062723c751e8b465ee728b)
Start importing Assets/Sprites/Traps using Guid(2e57b60f3151d8746adf9c164b1efad8) Importer(815301076,1909f56bfc062723c751e8b465ee728b)  -> (artifact id: 'b98de38aa6471cd4c24611f2b67815fe') in 0.006803 seconds
  Import took 0.010760 seconds .

========================================================================
Received Import Request.
  Time since last request: 580.378921 seconds.
  path: Assets/Sprites/Character/Idle.png
  artifactKey: Guid(39bc81d64453ea9428fe602014a160c8) Importer(815301076,1909f56bfc062723c751e8b465ee728b)
Start importing Assets/Sprites/Character/Idle.png using Guid(39bc81d64453ea9428fe602014a160c8) Importer(815301076,1909f56bfc062723c751e8b465ee728b)  -> (artifact id: '77791d7438939ef01b10e81cca01a144') in 0.018789 seconds
  Import took 0.023629 seconds .

========================================================================
Received Import Request.
  Time since last request: 4.574811 seconds.
  path: Assets/Sprites/Character/Run.png
  artifactKey: Guid(91a134f34d6466846b96723a6c3fd7a4) Importer(815301076,1909f56bfc062723c751e8b465ee728b)
Start importing Assets/Sprites/Character/Run.png using Guid(91a134f34d6466846b96723a6c3fd7a4) Importer(815301076,1909f56bfc062723c751e8b465ee728b)  -> (artifact id: '11f37be0e1a6d7db1451909ddf1e1ced') in 0.023855 seconds
  Import took 0.037856 seconds .

========================================================================
Received Import Request.
  Time since last request: 34.415185 seconds.
  path: Assets/Sprites/Character/Idle.png
  artifactKey: Guid(39bc81d64453ea9428fe602014a160c8) Importer(815301076,1909f56bfc062723c751e8b465ee728b)
Start importing Assets/Sprites/Character/Idle.png using Guid(39bc81d64453ea9428fe602014a160c8) Importer(815301076,1909f56bfc062723c751e8b465ee728b)  -> (artifact id: 'ae05f1ec163b1101447985ca83dd54a5') in 0.069292 seconds
  Import took 0.073440 seconds .

========================================================================
Received Import Request.
  Time since last request: 33.067191 seconds.
  path: Assets/Sprites/Character/Idle.png
  artifactKey: Guid(39bc81d64453ea9428fe602014a160c8) Importer(815301076,1909f56bfc062723c751e8b465ee728b)
Start importing Assets/Sprites/Character/Idle.png using Guid(39bc81d64453ea9428fe602014a160c8) Importer(815301076,1909f56bfc062723c751e8b465ee728b)  -> (artifact id: '9e58a6f904455d8b92604fe7e43abe90') in 0.074453 seconds
  Import took 0.078471 seconds .

========================================================================
Received Import Request.
  Time since last request: 26.603610 seconds.
  path: Assets/Sprites/Character/Run.png
  artifactKey: Guid(91a134f34d6466846b96723a6c3fd7a4) Importer(815301076,1909f56bfc062723c751e8b465ee728b)
Start importing Assets/Sprites/Character/Run.png using Guid(91a134f34d6466846b96723a6c3fd7a4) Importer(815301076,1909f56bfc062723c751e8b465ee728b)  -> (artifact id: '8c7673ad8c171b59cf94991fa161c638') in 0.092870 seconds
  Import took 0.097630 seconds .

========================================================================
Received Import Request.
  Time since last request: 0.037474 seconds.
  path: Assets/Sprites/Character/Run.png
  artifactKey: Guid(91a134f34d6466846b96723a6c3fd7a4) Importer(815301076,1909f56bfc062723c751e8b465ee728b)
Start importing Assets/Sprites/Character/Run.png using Guid(91a134f34d6466846b96723a6c3fd7a4) Importer(815301076,1909f56bfc062723c751e8b465ee728b)  -> (artifact id: '8c7673ad8c171b59cf94991fa161c638') in 0.110241 seconds
  Import took 0.114632 seconds .

========================================================================
Received Import Request.
  Time since last request: 6.331799 seconds.
  path: Assets/Sprites/Character/Run.png
  artifactKey: Guid(91a134f34d6466846b96723a6c3fd7a4) Importer(815301076,1909f56bfc062723c751e8b465ee728b)
Start importing Assets/Sprites/Character/Run.png using Guid(91a134f34d6466846b96723a6c3fd7a4) Importer(815301076,1909f56bfc062723c751e8b465ee728b)  -> (artifact id: 'e2e85363b04cd94f309242e349d582a8') in 0.099992 seconds
  Import took 0.104147 seconds .

========================================================================
Received Import Request.
  Time since last request: 127.537735 seconds.
  path: ProjectSettings/TagManager.asset
  artifactKey: Guid(00000000000000003000000000000000) Importer(815301076,1909f56bfc062723c751e8b465ee728b)
Start importing ProjectSettings/TagManager.asset using Guid(00000000000000003000000000000000) Importer(815301076,1909f56bfc062723c751e8b465ee728b)  -> (artifact id: '5d8748435867583b0bac0f9e1bec96ad') in 0.014398 seconds
  Import took 0.018625 seconds .

========================================================================
Received Import Request.
  Time since last request: 0.008832 seconds.
  path: ProjectSettings/TagManager.asset
  artifactKey: Guid(00000000000000003000000000000000) Importer(815301076,1909f56bfc062723c751e8b465ee728b)
Start importing ProjectSettings/TagManager.asset using Guid(00000000000000003000000000000000) Importer(815301076,1909f56bfc062723c751e8b465ee728b)  -> (artifact id: '5d8748435867583b0bac0f9e1bec96ad') in 0.002980 seconds
  Import took 0.006983 seconds .

========================================================================
Received Import Request.
  Time since last request: 35.766490 seconds.
  path: ProjectSettings/TagManager.asset
  artifactKey: Guid(00000000000000003000000000000000) Importer(815301076,1909f56bfc062723c751e8b465ee728b)
Start importing ProjectSettings/TagManager.asset using Guid(00000000000000003000000000000000) Importer(815301076,1909f56bfc062723c751e8b465ee728b)  -> (artifact id: 'fe68b753aab3fcd25f316ac0f9de6168') in 0.003722 seconds
  Import took 0.008025 seconds .

========================================================================
Received Prepare
Registering precompiled user dll's ...
Registered in 0.001783 seconds.
Begin MonoManager ReloadAssembly
Native extension for WindowsStandalone target not found
Refreshing native plugins compatible for Editor in 0.68 ms, found 1 plugins.
Preloading 0 native plugins for Editor in 0.00 ms.
Invoked RoslynAnalysisRunner static constructor.
RoslynAnalysisRunner will not be running.
RoslynAnalysisRunner has terminated.
Mono: successfully reloaded assembly
- Completed reload, in  1.350 seconds
Platform modules already initialized, skipping
Refreshing native plugins compatible for Editor in 0.75 ms, found 1 plugins.
Preloading 0 native plugins for Editor in 0.00 ms.
Unloading 1787 Unused Serialized files (Serialized files now loaded: 0)
System memory in use before: 87.3 MB.
System memory in use after: 87.3 MB.

Unloading 15 unused Assets to reduce memory usage. Loaded Objects now: 2301.
Total: 2.426200 ms (FindLiveObjects: 0.307100 ms CreateObjectMapping: 0.120800 ms MarkObjects: 1.869800 ms  DeleteObjects: 0.127200 ms)

========================================================================
Received Prepare
Registering precompiled user dll's ...
Registered in 0.001199 seconds.
Begin MonoManager ReloadAssembly
Native extension for WindowsStandalone target not found
Refreshing native plugins compatible for Editor in 0.41 ms, found 1 plugins.
Preloading 0 native plugins for Editor in 0.00 ms.
Invoked RoslynAnalysisRunner static constructor.
RoslynAnalysisRunner will not be running.
RoslynAnalysisRunner has terminated.
Mono: successfully reloaded assembly
- Completed reload, in  1.274 seconds
Platform modules already initialized, skipping
Refreshing native plugins compatible for Editor in 0.42 ms, found 1 plugins.
Preloading 0 native plugins for Editor in 0.00 ms.
Unloading 1787 Unused Serialized files (Serialized files now loaded: 0)
System memory in use before: 87.4 MB.
System memory in use after: 87.4 MB.

Unloading 12 unused Assets to reduce memory usage. Loaded Objects now: 2304.
Total: 2.370800 ms (FindLiveObjects: 0.248200 ms CreateObjectMapping: 0.113200 ms MarkObjects: 1.882300 ms  DeleteObjects: 0.125100 ms)

========================================================================
Received Prepare
Registering precompiled user dll's ...
Registered in 0.000958 seconds.
Begin MonoManager ReloadAssembly
Native extension for WindowsStandalone target not found
Refreshing native plugins compatible for Editor in 0.42 ms, found 1 plugins.
Preloading 0 native plugins for Editor in 0.00 ms.
Invoked RoslynAnalysisRunner static constructor.
RoslynAnalysisRunner will not be running.
RoslynAnalysisRunner has terminated.
Mono: successfully reloaded assembly
- Completed reload, in  1.202 seconds
Platform modules already initialized, skipping
Refreshing native plugins compatible for Editor in 0.36 ms, found 1 plugins.
Preloading 0 native plugins for Editor in 0.00 ms.
Unloading 1787 Unused Serialized files (Serialized files now loaded: 0)
System memory in use before: 87.4 MB.
System memory in use after: 87.4 MB.

Unloading 12 unused Assets to reduce memory usage. Loaded Objects now: 2307.
Total: 2.541600 ms (FindLiveObjects: 0.331900 ms CreateObjectMapping: 0.141000 ms MarkObjects: 1.942800 ms  DeleteObjects: 0.124600 ms)

========================================================================
Received Import Request.
  Time since last request: 465.288348 seconds.
  path: Assets/Scripts
  artifactKey: Guid(d97874e44caffdf45a47be19c6aac0f0) Importer(815301076,1909f56bfc062723c751e8b465ee728b)
Start importing Assets/Scripts using Guid(d97874e44caffdf45a47be19c6aac0f0) Importer(815301076,1909f56bfc062723c751e8b465ee728b)  -> (artifact id: 'a324dcab3a05b61d36466719ed95387c') in 0.013775 seconds
  Import took 0.018056 seconds .

========================================================================
Received Import Request.
  Time since last request: 0.003297 seconds.
  path: Assets/Scripts
  artifactKey: Guid(d97874e44caffdf45a47be19c6aac0f0) Importer(815301076,1909f56bfc062723c751e8b465ee728b)
Start importing Assets/Scripts using Guid(d97874e44caffdf45a47be19c6aac0f0) Importer(815301076,1909f56bfc062723c751e8b465ee728b)  -> (artifact id: 'a324dcab3a05b61d36466719ed95387c') in 0.002375 seconds
  Import took 0.007310 seconds .

========================================================================
Received Import Request.
  Time since last request: 14.809604 seconds.
  path: Assets/Scripts/PlayerMovement.cs
  artifactKey: Guid(eab763418fdd94f4d883546fed1c6982) Importer(815301076,1909f56bfc062723c751e8b465ee728b)
Start importing Assets/Scripts/PlayerMovement.cs using Guid(eab763418fdd94f4d883546fed1c6982) Importer(815301076,1909f56bfc062723c751e8b465ee728b)  -> (artifact id: '2eb94a8fec67c15002d3d0488a2e18ce') in 0.018282 seconds
  Import took 0.023432 seconds .

========================================================================
Received Import Request.
  Time since last request: 0.003550 seconds.
  path: Assets/Scripts/PlayerMovement.cs
  artifactKey: Guid(eab763418fdd94f4d883546fed1c6982) Importer(815301076,1909f56bfc062723c751e8b465ee728b)
Start importing Assets/Scripts/PlayerMovement.cs using Guid(eab763418fdd94f4d883546fed1c6982) Importer(815301076,1909f56bfc062723c751e8b465ee728b)  -> (artifact id: '2eb94a8fec67c15002d3d0488a2e18ce') in 0.002750 seconds
  Import took 0.007820 seconds .

========================================================================
Received Prepare
Registering precompiled user dll's ...
Registered in 0.001137 seconds.
Begin MonoManager ReloadAssembly
Native extension for WindowsStandalone target not found
Refreshing native plugins compatible for Editor in 0.38 ms, found 1 plugins.
Preloading 0 native plugins for Editor in 0.00 ms.
Invoked RoslynAnalysisRunner static constructor.
RoslynAnalysisRunner will not be running.
RoslynAnalysisRunner has terminated.
Mono: successfully reloaded assembly
- Completed reload, in  1.312 seconds
Platform modules already initialized, skipping
Refreshing native plugins compatible for Editor in 0.38 ms, found 1 plugins.
Preloading 0 native plugins for Editor in 0.00 ms.
Unloading 1788 Unused Serialized files (Serialized files now loaded: 0)
System memory in use before: 87.4 MB.
System memory in use after: 87.4 MB.

Unloading 12 unused Assets to reduce memory usage. Loaded Objects now: 2311.
Total: 2.534800 ms (FindLiveObjects: 0.294500 ms CreateObjectMapping: 0.126300 ms MarkObjects: 1.993300 ms  DeleteObjects: 0.119400 ms)

========================================================================
Received Prepare
Registering precompiled user dll's ...
Registered in 0.000758 seconds.
Begin MonoManager ReloadAssembly
Native extension for WindowsStandalone target not found
Refreshing native plugins compatible for Editor in 0.63 ms, found 1 plugins.
Preloading 0 native plugins for Editor in 0.00 ms.
Invoked RoslynAnalysisRunner static constructor.
RoslynAnalysisRunner will not be running.
RoslynAnalysisRunner has terminated.
Mono: successfully reloaded assembly
- Completed reload, in  1.271 seconds
Platform modules already initialized, skipping
Refreshing native plugins compatible for Editor in 0.40 ms, found 1 plugins.
Preloading 0 native plugins for Editor in 0.00 ms.
Unloading 1788 Unused Serialized files (Serialized files now loaded: 0)
System memory in use before: 87.4 MB.
System memory in use after: 87.4 MB.

Unloading 12 unused Assets to reduce memory usage. Loaded Objects now: 2314.
Total: 3.437400 ms (FindLiveObjects: 0.379300 ms CreateObjectMapping: 0.144900 ms MarkObjects: 2.741500 ms  DeleteObjects: 0.169700 ms)

========================================================================
Received Import Request.
  Time since last request: 254.536452 seconds.
  path: Assets/Scripts/PlayerMovement.cs
  artifactKey: Guid(eab763418fdd94f4d883546fed1c6982) Importer(815301076,1909f56bfc062723c751e8b465ee728b)
Start importing Assets/Scripts/PlayerMovement.cs using Guid(eab763418fdd94f4d883546fed1c6982) Importer(815301076,1909f56bfc062723c751e8b465ee728b)  -> (artifact id: 'fa7ec825621185fad555fc94fd1f01f8') in 0.004633 seconds
  Import took 0.103593 seconds .

========================================================================
Received Prepare
Registering precompiled user dll's ...
Registered in 0.000785 seconds.
Begin MonoManager ReloadAssembly
Native extension for WindowsStandalone target not found
Refreshing native plugins compatible for Editor in 0.36 ms, found 1 plugins.
Preloading 0 native plugins for Editor in 0.00 ms.
Invoked RoslynAnalysisRunner static constructor.
RoslynAnalysisRunner will not be running.
RoslynAnalysisRunner has terminated.
Mono: successfully reloaded assembly
- Completed reload, in  1.274 seconds
Platform modules already initialized, skipping
Refreshing native plugins compatible for Editor in 0.38 ms, found 1 plugins.
Preloading 0 native plugins for Editor in 0.00 ms.
Unloading 1788 Unused Serialized files (Serialized files now loaded: 0)
System memory in use before: 87.5 MB.
System memory in use after: 87.4 MB.

Unloading 12 unused Assets to reduce memory usage. Loaded Objects now: 2317.
Total: 3.531200 ms (FindLiveObjects: 0.432500 ms CreateObjectMapping: 0.165800 ms MarkObjects: 2.763600 ms  DeleteObjects: 0.166600 ms)

========================================================================
Received Prepare
Registering precompiled user dll's ...
Registered in 0.001118 seconds.
Begin MonoManager ReloadAssembly
Native extension for WindowsStandalone target not found
Refreshing native plugins compatible for Editor in 0.71 ms, found 1 plugins.
Preloading 0 native plugins for Editor in 0.00 ms.
Invoked RoslynAnalysisRunner static constructor.
RoslynAnalysisRunner will not be running.
RoslynAnalysisRunner has terminated.
Mono: successfully reloaded assembly
- Completed reload, in  1.394 seconds
Platform modules already initialized, skipping
Refreshing native plugins compatible for Editor in 0.42 ms, found 1 plugins.
Preloading 0 native plugins for Editor in 0.00 ms.
Unloading 1788 Unused Serialized files (Serialized files now loaded: 0)
System memory in use before: 87.5 MB.
System memory in use after: 87.5 MB.

Unloading 12 unused Assets to reduce memory usage. Loaded Objects now: 2320.
Total: 2.302400 ms (FindLiveObjects: 0.269900 ms CreateObjectMapping: 0.104300 ms MarkObjects: 1.793100 ms  DeleteObjects: 0.133700 ms)

========================================================================
Received Prepare
Registering precompiled user dll's ...
Registered in 0.001243 seconds.
Begin MonoManager ReloadAssembly
Native extension for WindowsStandalone target not found
Refreshing native plugins compatible for Editor in 0.66 ms, found 1 plugins.
Preloading 0 native plugins for Editor in 0.00 ms.
Invoked RoslynAnalysisRunner static constructor.
RoslynAnalysisRunner will not be running.
RoslynAnalysisRunner has terminated.
Mono: successfully reloaded assembly
- Completed reload, in  1.462 seconds
Platform modules already initialized, skipping
Refreshing native plugins compatible for Editor in 0.45 ms, found 1 plugins.
Preloading 0 native plugins for Editor in 0.00 ms.
Unloading 1788 Unused Serialized files (Serialized files now loaded: 0)
System memory in use before: 87.5 MB.
System memory in use after: 87.5 MB.

Unloading 12 unused Assets to reduce memory usage. Loaded Objects now: 2323.
Total: 2.970600 ms (FindLiveObjects: 0.249100 ms CreateObjectMapping: 0.181500 ms MarkObjects: 2.361600 ms  DeleteObjects: 0.176300 ms)

========================================================================
Received Prepare
Registering precompiled user dll's ...
Registered in 0.001202 seconds.
Begin MonoManager ReloadAssembly
Native extension for WindowsStandalone target not found
Refreshing native plugins compatible for Editor in 0.63 ms, found 1 plugins.
Preloading 0 native plugins for Editor in 0.00 ms.
Invoked RoslynAnalysisRunner static constructor.
RoslynAnalysisRunner will not be running.
RoslynAnalysisRunner has terminated.
Mono: successfully reloaded assembly
- Completed reload, in  1.367 seconds
Platform modules already initialized, skipping
Refreshing native plugins compatible for Editor in 0.39 ms, found 1 plugins.
Preloading 0 native plugins for Editor in 0.00 ms.
Unloading 1788 Unused Serialized files (Serialized files now loaded: 0)
System memory in use before: 87.5 MB.
System memory in use after: 87.5 MB.

Unloading 12 unused Assets to reduce memory usage. Loaded Objects now: 2326.
Total: 2.527600 ms (FindLiveObjects: 0.322200 ms CreateObjectMapping: 0.127200 ms MarkObjects: 1.949600 ms  DeleteObjects: 0.127100 ms)

========================================================================
Received Prepare
Registering precompiled user dll's ...
Registered in 0.000783 seconds.
Begin MonoManager ReloadAssembly
Native extension for WindowsStandalone target not found
Refreshing native plugins compatible for Editor in 0.38 ms, found 1 plugins.
Preloading 0 native plugins for Editor in 0.00 ms.
Invoked RoslynAnalysisRunner static constructor.
RoslynAnalysisRunner will not be running.
RoslynAnalysisRunner has terminated.
Mono: successfully reloaded assembly
- Completed reload, in  1.269 seconds
Platform modules already initialized, skipping
Refreshing native plugins compatible for Editor in 0.64 ms, found 1 plugins.
Preloading 0 native plugins for Editor in 0.00 ms.
Unloading 1788 Unused Serialized files (Serialized files now loaded: 0)
System memory in use before: 87.5 MB.
System memory in use after: 87.5 MB.

Unloading 12 unused Assets to reduce memory usage. Loaded Objects now: 2329.
Total: 2.393800 ms (FindLiveObjects: 0.193700 ms CreateObjectMapping: 0.080400 ms MarkObjects: 1.994900 ms  DeleteObjects: 0.123400 ms)

========================================================================
Received Prepare
Registering precompiled user dll's ...
Registered in 0.000754 seconds.
Begin MonoManager ReloadAssembly
Native extension for WindowsStandalone target not found
Refreshing native plugins compatible for Editor in 0.62 ms, found 1 plugins.
Preloading 0 native plugins for Editor in 0.00 ms.
Invoked RoslynAnalysisRunner static constructor.
RoslynAnalysisRunner will not be running.
RoslynAnalysisRunner has terminated.
Mono: successfully reloaded assembly
- Completed reload, in  1.309 seconds
Platform modules already initialized, skipping
Refreshing native plugins compatible for Editor in 0.63 ms, found 1 plugins.
Preloading 0 native plugins for Editor in 0.00 ms.
Unloading 1788 Unused Serialized files (Serialized files now loaded: 0)
System memory in use before: 87.5 MB.
System memory in use after: 87.5 MB.

Unloading 12 unused Assets to reduce memory usage. Loaded Objects now: 2332.
Total: 3.624700 ms (FindLiveObjects: 0.373200 ms CreateObjectMapping: 0.143200 ms MarkObjects: 2.921300 ms  DeleteObjects: 0.184400 ms)

========================================================================
Received Prepare
Registering precompiled user dll's ...
Registered in 0.000950 seconds.
Begin MonoManager ReloadAssembly
Native extension for WindowsStandalone target not found
Refreshing native plugins compatible for Editor in 0.63 ms, found 1 plugins.
Preloading 0 native plugins for Editor in 0.00 ms.
Invoked RoslynAnalysisRunner static constructor.
RoslynAnalysisRunner will not be running.
RoslynAnalysisRunner has terminated.
Mono: successfully reloaded assembly
- Completed reload, in  1.244 seconds
Platform modules already initialized, skipping
Refreshing native plugins compatible for Editor in 0.56 ms, found 1 plugins.
Preloading 0 native plugins for Editor in 0.00 ms.
Unloading 1788 Unused Serialized files (Serialized files now loaded: 0)
System memory in use before: 87.5 MB.
System memory in use after: 87.5 MB.

Unloading 12 unused Assets to reduce memory usage. Loaded Objects now: 2335.
Total: 2.453900 ms (FindLiveObjects: 0.306800 ms CreateObjectMapping: 0.139500 ms MarkObjects: 1.879500 ms  DeleteObjects: 0.126100 ms)

========================================================================
Received Prepare
Registering precompiled user dll's ...
Registered in 0.001248 seconds.
Begin MonoManager ReloadAssembly
Native extension for WindowsStandalone target not found
Refreshing native plugins compatible for Editor in 0.70 ms, found 1 plugins.
Preloading 0 native plugins for Editor in 0.00 ms.
Invoked RoslynAnalysisRunner static constructor.
RoslynAnalysisRunner will not be running.
RoslynAnalysisRunner has terminated.
Mono: successfully reloaded assembly
- Completed reload, in  1.319 seconds
Platform modules already initialized, skipping
Refreshing native plugins compatible for Editor in 0.38 ms, found 1 plugins.
Preloading 0 native plugins for Editor in 0.00 ms.
Unloading 1788 Unused Serialized files (Serialized files now loaded: 0)
System memory in use before: 87.5 MB.
System memory in use after: 87.5 MB.

Unloading 12 unused Assets to reduce memory usage. Loaded Objects now: 2338.
Total: 2.857200 ms (FindLiveObjects: 0.351600 ms CreateObjectMapping: 0.171800 ms MarkObjects: 2.207500 ms  DeleteObjects: 0.124100 ms)

========================================================================
Received Prepare
Registering precompiled user dll's ...
Registered in 0.001194 seconds.
Begin MonoManager ReloadAssembly
Native extension for WindowsStandalone target not found
Refreshing native plugins compatible for Editor in 0.69 ms, found 1 plugins.
Preloading 0 native plugins for Editor in 0.00 ms.
Invoked RoslynAnalysisRunner static constructor.
RoslynAnalysisRunner will not be running.
RoslynAnalysisRunner has terminated.
Mono: successfully reloaded assembly
- Completed reload, in  1.375 seconds
Platform modules already initialized, skipping
Refreshing native plugins compatible for Editor in 0.37 ms, found 1 plugins.
Preloading 0 native plugins for Editor in 0.00 ms.
Unloading 1788 Unused Serialized files (Serialized files now loaded: 0)
System memory in use before: 87.5 MB.
System memory in use after: 87.5 MB.

Unloading 12 unused Assets to reduce memory usage. Loaded Objects now: 2341.
Total: 2.462300 ms (FindLiveObjects: 0.207100 ms CreateObjectMapping: 0.096800 ms MarkObjects: 2.037100 ms  DeleteObjects: 0.119500 ms)

========================================================================
Received Prepare
Registering precompiled user dll's ...
Registered in 0.000775 seconds.
Begin MonoManager ReloadAssembly
Native extension for WindowsStandalone target not found
Refreshing native plugins compatible for Editor in 0.42 ms, found 1 plugins.
Preloading 0 native plugins for Editor in 0.00 ms.
Invoked RoslynAnalysisRunner static constructor.
RoslynAnalysisRunner will not be running.
RoslynAnalysisRunner has terminated.
Mono: successfully reloaded assembly
- Completed reload, in  1.343 seconds
Platform modules already initialized, skipping
Refreshing native plugins compatible for Editor in 0.39 ms, found 1 plugins.
Preloading 0 native plugins for Editor in 0.00 ms.
Unloading 1788 Unused Serialized files (Serialized files now loaded: 0)
System memory in use before: 87.5 MB.
System memory in use after: 87.5 MB.

Unloading 12 unused Assets to reduce memory usage. Loaded Objects now: 2344.
Total: 4.014400 ms (FindLiveObjects: 0.543100 ms CreateObjectMapping: 0.468600 ms MarkObjects: 2.801000 ms  DeleteObjects: 0.199100 ms)

========================================================================
Received Prepare
Registering precompiled user dll's ...
Registered in 0.000738 seconds.
Begin MonoManager ReloadAssembly
Native extension for WindowsStandalone target not found
Refreshing native plugins compatible for Editor in 0.69 ms, found 1 plugins.
Preloading 0 native plugins for Editor in 0.00 ms.
Invoked RoslynAnalysisRunner static constructor.
RoslynAnalysisRunner will not be running.
RoslynAnalysisRunner has terminated.
Mono: successfully reloaded assembly
- Completed reload, in  1.369 seconds
Platform modules already initialized, skipping
Refreshing native plugins compatible for Editor in 0.41 ms, found 1 plugins.
Preloading 0 native plugins for Editor in 0.00 ms.
Unloading 1788 Unused Serialized files (Serialized files now loaded: 0)
System memory in use before: 87.5 MB.
System memory in use after: 87.5 MB.

Unloading 12 unused Assets to reduce memory usage. Loaded Objects now: 2347.
Total: 2.616500 ms (FindLiveObjects: 0.295600 ms CreateObjectMapping: 0.098100 ms MarkObjects: 2.088100 ms  DeleteObjects: 0.132700 ms)

========================================================================
Received Prepare
Registering precompiled user dll's ...
Registered in 0.000931 seconds.
Begin MonoManager ReloadAssembly
Native extension for WindowsStandalone target not found
Refreshing native plugins compatible for Editor in 0.66 ms, found 1 plugins.
Preloading 0 native plugins for Editor in 0.00 ms.
Invoked RoslynAnalysisRunner static constructor.
RoslynAnalysisRunner will not be running.
RoslynAnalysisRunner has terminated.
Mono: successfully reloaded assembly
- Completed reload, in  1.269 seconds
Platform modules already initialized, skipping
Refreshing native plugins compatible for Editor in 0.40 ms, found 1 plugins.
Preloading 0 native plugins for Editor in 0.00 ms.
Unloading 1788 Unused Serialized files (Serialized files now loaded: 0)
System memory in use before: 87.5 MB.
System memory in use after: 87.5 MB.

Unloading 12 unused Assets to reduce memory usage. Loaded Objects now: 2350.
Total: 2.446600 ms (FindLiveObjects: 0.296700 ms CreateObjectMapping: 0.111600 ms MarkObjects: 1.919900 ms  DeleteObjects: 0.117100 ms)

========================================================================
Received Prepare
Registering precompiled user dll's ...
Registered in 0.000814 seconds.
Begin MonoManager ReloadAssembly
Native extension for WindowsStandalone target not found
Refreshing native plugins compatible for Editor in 0.38 ms, found 1 plugins.
Preloading 0 native plugins for Editor in 0.00 ms.
Invoked RoslynAnalysisRunner static constructor.
RoslynAnalysisRunner will not be running.
RoslynAnalysisRunner has terminated.
Mono: successfully reloaded assembly
- Completed reload, in  1.287 seconds
Platform modules already initialized, skipping
Refreshing native plugins compatible for Editor in 0.68 ms, found 1 plugins.
Preloading 0 native plugins for Editor in 0.00 ms.
Unloading 1788 Unused Serialized files (Serialized files now loaded: 0)
System memory in use before: 87.5 MB.
System memory in use after: 87.5 MB.

Unloading 12 unused Assets to reduce memory usage. Loaded Objects now: 2353.
Total: 2.801100 ms (FindLiveObjects: 0.285500 ms CreateObjectMapping: 0.114300 ms MarkObjects: 2.245000 ms  DeleteObjects: 0.154600 ms)

========================================================================
Received Prepare
Registering precompiled user dll's ...
Registered in 0.001159 seconds.
Begin MonoManager ReloadAssembly
Native extension for WindowsStandalone target not found
Refreshing native plugins compatible for Editor in 0.62 ms, found 1 plugins.
Preloading 0 native plugins for Editor in 0.00 ms.
Invoked RoslynAnalysisRunner static constructor.
RoslynAnalysisRunner will not be running.
RoslynAnalysisRunner has terminated.
Mono: successfully reloaded assembly
- Completed reload, in  1.288 seconds
Platform modules already initialized, skipping
Refreshing native plugins compatible for Editor in 0.65 ms, found 1 plugins.
Preloading 0 native plugins for Editor in 0.00 ms.
Unloading 1788 Unused Serialized files (Serialized files now loaded: 0)
System memory in use before: 87.6 MB.
System memory in use after: 87.5 MB.

Unloading 12 unused Assets to reduce memory usage. Loaded Objects now: 2356.
Total: 2.376500 ms (FindLiveObjects: 0.253300 ms CreateObjectMapping: 0.105500 ms MarkObjects: 1.895200 ms  DeleteObjects: 0.120700 ms)

========================================================================
Received Prepare
Registering precompiled user dll's ...
Registered in 0.001249 seconds.
Begin MonoManager ReloadAssembly
Native extension for WindowsStandalone target not found
Refreshing native plugins compatible for Editor in 0.41 ms, found 1 plugins.
Preloading 0 native plugins for Editor in 0.00 ms.
Invoked RoslynAnalysisRunner static constructor.
RoslynAnalysisRunner will not be running.
RoslynAnalysisRunner has terminated.
Mono: successfully reloaded assembly
- Completed reload, in  1.286 seconds
Platform modules already initialized, skipping
Refreshing native plugins compatible for Editor in 0.67 ms, found 1 plugins.
Preloading 0 native plugins for Editor in 0.00 ms.
Unloading 1788 Unused Serialized files (Serialized files now loaded: 0)
System memory in use before: 87.6 MB.
System memory in use after: 87.6 MB.

Unloading 12 unused Assets to reduce memory usage. Loaded Objects now: 2359.
Total: 2.599100 ms (FindLiveObjects: 0.314900 ms CreateObjectMapping: 0.119500 ms MarkObjects: 2.035700 ms  DeleteObjects: 0.126900 ms)

========================================================================
Received Prepare
Registering precompiled user dll's ...
Registered in 0.001251 seconds.
Begin MonoManager ReloadAssembly
Native extension for WindowsStandalone target not found
Refreshing native plugins compatible for Editor in 2.47 ms, found 1 plugins.
Preloading 0 native plugins for Editor in 0.00 ms.
Invoked RoslynAnalysisRunner static constructor.
RoslynAnalysisRunner will not be running.
RoslynAnalysisRunner has terminated.
Mono: successfully reloaded assembly
- Completed reload, in  1.338 seconds
Platform modules already initialized, skipping
Refreshing native plugins compatible for Editor in 0.39 ms, found 1 plugins.
Preloading 0 native plugins for Editor in 0.00 ms.
Unloading 1788 Unused Serialized files (Serialized files now loaded: 0)
System memory in use before: 87.6 MB.
System memory in use after: 87.6 MB.

Unloading 12 unused Assets to reduce memory usage. Loaded Objects now: 2362.
Total: 4.624800 ms (FindLiveObjects: 0.939900 ms CreateObjectMapping: 0.373300 ms MarkObjects: 3.138400 ms  DeleteObjects: 0.171200 ms)

========================================================================
Received Prepare
Registering precompiled user dll's ...
Registered in 0.002509 seconds.
Begin MonoManager ReloadAssembly
Native extension for WindowsStandalone target not found
Refreshing native plugins compatible for Editor in 0.62 ms, found 1 plugins.
Preloading 0 native plugins for Editor in 0.00 ms.
Invoked RoslynAnalysisRunner static constructor.
RoslynAnalysisRunner will not be running.
RoslynAnalysisRunner has terminated.
Mono: successfully reloaded assembly
- Completed reload, in  1.352 seconds
Platform modules already initialized, skipping
Refreshing native plugins compatible for Editor in 0.42 ms, found 1 plugins.
Preloading 0 native plugins for Editor in 0.00 ms.
Unloading 1788 Unused Serialized files (Serialized files now loaded: 0)
System memory in use before: 87.6 MB.
System memory in use after: 87.6 MB.

Unloading 12 unused Assets to reduce memory usage. Loaded Objects now: 2365.
Total: 4.377300 ms (FindLiveObjects: 0.417600 ms CreateObjectMapping: 0.561800 ms MarkObjects: 3.255000 ms  DeleteObjects: 0.140800 ms)

========================================================================
Received Import Request.
  Time since last request: 1671.945861 seconds.
  path: ProjectSettings/TagManager.asset
  artifactKey: Guid(00000000000000003000000000000000) Importer(815301076,1909f56bfc062723c751e8b465ee728b)
Start importing ProjectSettings/TagManager.asset using Guid(00000000000000003000000000000000) Importer(815301076,1909f56bfc062723c751e8b465ee728b)  -> (artifact id: '17567d90cc4e45846fd4719195b44297') in 0.017321 seconds
  Import took 0.021779 seconds .

========================================================================
Received Import Request.
  Time since last request: 0.000620 seconds.
  path: ProjectSettings/TagManager.asset
  artifactKey: Guid(00000000000000003000000000000000) Importer(815301076,1909f56bfc062723c751e8b465ee728b)
Start importing ProjectSettings/TagManager.asset using Guid(00000000000000003000000000000000) Importer(815301076,1909f56bfc062723c751e8b465ee728b)  -> (artifact id: '17567d90cc4e45846fd4719195b44297') in 0.003340 seconds
  Import took 0.007096 seconds .

========================================================================
Received Import Request.
  Time since last request: 479.602507 seconds.
  path: Assets/Animation/Idle_0.controller
  artifactKey: Guid(d7d8a35fa4f6af143897926db367172d) Importer(815301076,1909f56bfc062723c751e8b465ee728b)
Start importing Assets/Animation/Idle_0.controller using Guid(d7d8a35fa4f6af143897926db367172d) Importer(815301076,1909f56bfc062723c751e8b465ee728b)  -> (artifact id: '822e8dbb032282efa1b99218abebcb7b') in 0.017485 seconds
  Import took 0.023539 seconds .

========================================================================
Received Prepare
Registering precompiled user dll's ...
Registered in 0.001050 seconds.
Begin MonoManager ReloadAssembly
Native extension for WindowsStandalone target not found
Refreshing native plugins compatible for Editor in 0.63 ms, found 1 plugins.
Preloading 0 native plugins for Editor in 0.00 ms.
Invoked RoslynAnalysisRunner static constructor.
RoslynAnalysisRunner will not be running.
RoslynAnalysisRunner has terminated.
Mono: successfully reloaded assembly
- Completed reload, in  1.315 seconds
Platform modules already initialized, skipping
Refreshing native plugins compatible for Editor in 0.40 ms, found 1 plugins.
Preloading 0 native plugins for Editor in 0.00 ms.
Unloading 1788 Unused Serialized files (Serialized files now loaded: 0)
System memory in use before: 87.6 MB.
System memory in use after: 87.6 MB.

Unloading 14 unused Assets to reduce memory usage. Loaded Objects now: 2368.
Total: 2.790100 ms (FindLiveObjects: 0.417800 ms CreateObjectMapping: 0.159000 ms MarkObjects: 2.041000 ms  DeleteObjects: 0.170500 ms)

========================================================================
Received Prepare
Registering precompiled user dll's ...
Registered in 0.000880 seconds.
Begin MonoManager ReloadAssembly
Native extension for WindowsStandalone target not found
Refreshing native plugins compatible for Editor in 0.68 ms, found 1 plugins.
Preloading 0 native plugins for Editor in 0.00 ms.
Invoked RoslynAnalysisRunner static constructor.
RoslynAnalysisRunner will not be running.
RoslynAnalysisRunner has terminated.
Mono: successfully reloaded assembly
- Completed reload, in  1.280 seconds
Platform modules already initialized, skipping
Refreshing native plugins compatible for Editor in 0.66 ms, found 1 plugins.
Preloading 0 native plugins for Editor in 0.00 ms.
Unloading 1788 Unused Serialized files (Serialized files now loaded: 0)
System memory in use before: 87.6 MB.
System memory in use after: 87.6 MB.

Unloading 12 unused Assets to reduce memory usage. Loaded Objects now: 2371.
Total: 2.589600 ms (FindLiveObjects: 0.328400 ms CreateObjectMapping: 0.134700 ms MarkObjects: 1.993300 ms  DeleteObjects: 0.131700 ms)

========================================================================
Received Prepare
Registering precompiled user dll's ...
Registered in 0.000827 seconds.
Begin MonoManager ReloadAssembly
Native extension for WindowsStandalone target not found
Refreshing native plugins compatible for Editor in 0.38 ms, found 1 plugins.
Preloading 0 native plugins for Editor in 0.00 ms.
Invoked RoslynAnalysisRunner static constructor.
RoslynAnalysisRunner will not be running.
RoslynAnalysisRunner has terminated.
Mono: successfully reloaded assembly
- Completed reload, in  1.320 seconds
Platform modules already initialized, skipping
Refreshing native plugins compatible for Editor in 0.36 ms, found 1 plugins.
Preloading 0 native plugins for Editor in 0.00 ms.
Unloading 1788 Unused Serialized files (Serialized files now loaded: 0)
System memory in use before: 87.6 MB.
System memory in use after: 87.6 MB.

Unloading 12 unused Assets to reduce memory usage. Loaded Objects now: 2374.
Total: 2.481400 ms (FindLiveObjects: 0.235600 ms CreateObjectMapping: 0.094200 ms MarkObjects: 2.029400 ms  DeleteObjects: 0.120200 ms)

========================================================================
Received Prepare
Registering precompiled user dll's ...
Registered in 0.000761 seconds.
Begin MonoManager ReloadAssembly
Native extension for WindowsStandalone target not found
Refreshing native plugins compatible for Editor in 0.66 ms, found 1 plugins.
Preloading 0 native plugins for Editor in 0.00 ms.
Invoked RoslynAnalysisRunner static constructor.
RoslynAnalysisRunner will not be running.
RoslynAnalysisRunner has terminated.
Mono: successfully reloaded assembly
- Completed reload, in  1.203 seconds
Platform modules already initialized, skipping
Refreshing native plugins compatible for Editor in 0.38 ms, found 1 plugins.
Preloading 0 native plugins for Editor in 0.00 ms.
Unloading 1788 Unused Serialized files (Serialized files now loaded: 0)
System memory in use before: 87.6 MB.
System memory in use after: 87.6 MB.

Unloading 12 unused Assets to reduce memory usage. Loaded Objects now: 2377.
Total: 2.985400 ms (FindLiveObjects: 0.342000 ms CreateObjectMapping: 0.151900 ms MarkObjects: 2.327200 ms  DeleteObjects: 0.162400 ms)

========================================================================
Received Prepare
Registering precompiled user dll's ...
Registered in 0.000773 seconds.
Begin MonoManager ReloadAssembly
Native extension for WindowsStandalone target not found
Refreshing native plugins compatible for Editor in 0.64 ms, found 1 plugins.
Preloading 0 native plugins for Editor in 0.00 ms.
Invoked RoslynAnalysisRunner static constructor.
RoslynAnalysisRunner will not be running.
RoslynAnalysisRunner has terminated.
Mono: successfully reloaded assembly
- Completed reload, in  1.216 seconds
Platform modules already initialized, skipping
Refreshing native plugins compatible for Editor in 0.39 ms, found 1 plugins.
Preloading 0 native plugins for Editor in 0.00 ms.
Unloading 1788 Unused Serialized files (Serialized files now loaded: 0)
System memory in use before: 87.6 MB.
System memory in use after: 87.6 MB.

Unloading 12 unused Assets to reduce memory usage. Loaded Objects now: 2380.
Total: 2.753900 ms (FindLiveObjects: 0.225600 ms CreateObjectMapping: 0.136600 ms MarkObjects: 2.267900 ms  DeleteObjects: 0.121800 ms)

========================================================================
Received Prepare
Registering precompiled user dll's ...
Registered in 0.001168 seconds.
Begin MonoManager ReloadAssembly
Native extension for WindowsStandalone target not found
Refreshing native plugins compatible for Editor in 0.36 ms, found 1 plugins.
Preloading 0 native plugins for Editor in 0.00 ms.
Invoked RoslynAnalysisRunner static constructor.
RoslynAnalysisRunner will not be running.
RoslynAnalysisRunner has terminated.
Mono: successfully reloaded assembly
- Completed reload, in  1.207 seconds
Platform modules already initialized, skipping
Refreshing native plugins compatible for Editor in 0.57 ms, found 1 plugins.
Preloading 0 native plugins for Editor in 0.00 ms.
Unloading 1788 Unused Serialized files (Serialized files now loaded: 0)
System memory in use before: 87.6 MB.
System memory in use after: 87.6 MB.

Unloading 12 unused Assets to reduce memory usage. Loaded Objects now: 2383.
Total: 3.655300 ms (FindLiveObjects: 0.416600 ms CreateObjectMapping: 0.167400 ms MarkObjects: 2.906900 ms  DeleteObjects: 0.162700 ms)

========================================================================
Received Prepare
Registering precompiled user dll's ...
Registered in 0.000786 seconds.
Begin MonoManager ReloadAssembly
Native extension for WindowsStandalone target not found
Refreshing native plugins compatible for Editor in 0.38 ms, found 1 plugins.
Preloading 0 native plugins for Editor in 0.00 ms.
Invoked RoslynAnalysisRunner static constructor.
RoslynAnalysisRunner will not be running.
RoslynAnalysisRunner has terminated.
Mono: successfully reloaded assembly
- Completed reload, in  1.281 seconds
Platform modules already initialized, skipping
Refreshing native plugins compatible for Editor in 0.41 ms, found 1 plugins.
Preloading 0 native plugins for Editor in 0.00 ms.
Unloading 1788 Unused Serialized files (Serialized files now loaded: 0)
System memory in use before: 87.6 MB.
System memory in use after: 87.6 MB.

Unloading 12 unused Assets to reduce memory usage. Loaded Objects now: 2386.
Total: 2.522600 ms (FindLiveObjects: 0.287100 ms CreateObjectMapping: 0.139800 ms MarkObjects: 1.973700 ms  DeleteObjects: 0.120700 ms)

========================================================================
Received Prepare
Registering precompiled user dll's ...
Registered in 0.000756 seconds.
Begin MonoManager ReloadAssembly
Native extension for WindowsStandalone target not found
Refreshing native plugins compatible for Editor in 0.63 ms, found 1 plugins.
Preloading 0 native plugins for Editor in 0.00 ms.
Invoked RoslynAnalysisRunner static constructor.
RoslynAnalysisRunner will not be running.
RoslynAnalysisRunner has terminated.
Mono: successfully reloaded assembly
- Completed reload, in  1.229 seconds
Platform modules already initialized, skipping
Refreshing native plugins compatible for Editor in 0.49 ms, found 1 plugins.
Preloading 0 native plugins for Editor in 0.00 ms.
Unloading 1788 Unused Serialized files (Serialized files now loaded: 0)
System memory in use before: 87.7 MB.
System memory in use after: 87.6 MB.

Unloading 12 unused Assets to reduce memory usage. Loaded Objects now: 2389.
Total: 2.738900 ms (FindLiveObjects: 0.376000 ms CreateObjectMapping: 0.160300 ms MarkObjects: 2.043800 ms  DeleteObjects: 0.157100 ms)

========================================================================
Received Import Request.
  Time since last request: 984.163031 seconds.
  path: Assets/Prefabs
  artifactKey: Guid(430c089f9ad38144ba280f0d3a4119ef) Importer(815301076,1909f56bfc062723c751e8b465ee728b)
Start importing Assets/Prefabs using Guid(430c089f9ad38144ba280f0d3a4119ef) Importer(815301076,1909f56bfc062723c751e8b465ee728b)  -> (artifact id: '87ff449a2d8c59cab44cc080a54ca401') in 0.009500 seconds
  Import took 0.013903 seconds .

========================================================================
Received Import Request.
  Time since last request: 60.267494 seconds.
  path: Assets/Prefabs/Player.prefab
  artifactKey: Guid(97e54667de7b3a44a9c8d9ec0c715f42) Importer(815301076,1909f56bfc062723c751e8b465ee728b)
Start importing Assets/Prefabs/Player.prefab using Guid(97e54667de7b3a44a9c8d9ec0c715f42) Importer(815301076,1909f56bfc062723c751e8b465ee728b)  -> (artifact id: '0fb192a16b32c8bdbd799ea01b59a8c0') in 0.108625 seconds
  Import took 0.113717 seconds .

========================================================================
Received Prepare
Registering precompiled user dll's ...
Registered in 0.001249 seconds.
Begin MonoManager ReloadAssembly
Native extension for WindowsStandalone target not found
Refreshing native plugins compatible for Editor in 0.43 ms, found 1 plugins.
Preloading 0 native plugins for Editor in 0.00 ms.
Invoked RoslynAnalysisRunner static constructor.
RoslynAnalysisRunner will not be running.
RoslynAnalysisRunner has terminated.
Mono: successfully reloaded assembly
- Completed reload, in  1.460 seconds
Platform modules already initialized, skipping
Refreshing native plugins compatible for Editor in 0.71 ms, found 1 plugins.
Preloading 0 native plugins for Editor in 0.00 ms.
Unloading 1789 Unused Serialized files (Serialized files now loaded: 0)
System memory in use before: 87.7 MB.
System memory in use after: 87.7 MB.

Unloading 12 unused Assets to reduce memory usage. Loaded Objects now: 2397.
Total: 2.526700 ms (FindLiveObjects: 0.316100 ms CreateObjectMapping: 0.104500 ms MarkObjects: 1.981600 ms  DeleteObjects: 0.122400 ms)

========================================================================
Received Import Request.
  Time since last request: 108.915869 seconds.
  path: Assets/Scripts/CameraFollow.cs
  artifactKey: Guid(2d5e1c83073e1624ebfedbfacfc0f8e9) Importer(815301076,1909f56bfc062723c751e8b465ee728b)
Start importing Assets/Scripts/CameraFollow.cs using Guid(2d5e1c83073e1624ebfedbfacfc0f8e9) Importer(815301076,1909f56bfc062723c751e8b465ee728b)  -> (artifact id: '0a3cc0731fd4444769bcfd89197e444d') in 0.010435 seconds
  Import took 0.110073 seconds .

========================================================================
Received Prepare
Registering precompiled user dll's ...
Registered in 0.001146 seconds.
Begin MonoManager ReloadAssembly
Native extension for WindowsStandalone target not found
Refreshing native plugins compatible for Editor in 0.44 ms, found 1 plugins.
Preloading 0 native plugins for Editor in 0.00 ms.
Invoked RoslynAnalysisRunner static constructor.
RoslynAnalysisRunner will not be running.
RoslynAnalysisRunner has terminated.
Mono: successfully reloaded assembly
- Completed reload, in  1.345 seconds
Platform modules already initialized, skipping
Refreshing native plugins compatible for Editor in 0.40 ms, found 1 plugins.
Preloading 0 native plugins for Editor in 0.00 ms.
Unloading 1789 Unused Serialized files (Serialized files now loaded: 0)
System memory in use before: 87.7 MB.
System memory in use after: 87.7 MB.

Unloading 12 unused Assets to reduce memory usage. Loaded Objects now: 2400.
Total: 2.539200 ms (FindLiveObjects: 0.334700 ms CreateObjectMapping: 0.138700 ms MarkObjects: 1.941900 ms  DeleteObjects: 0.122100 ms)

========================================================================
Received Prepare
Registering precompiled user dll's ...
Registered in 0.000837 seconds.
Begin MonoManager ReloadAssembly
Native extension for WindowsStandalone target not found
Refreshing native plugins compatible for Editor in 0.86 ms, found 1 plugins.
Preloading 0 native plugins for Editor in 0.00 ms.
Invoked RoslynAnalysisRunner static constructor.
RoslynAnalysisRunner will not be running.
RoslynAnalysisRunner has terminated.
Mono: successfully reloaded assembly
- Completed reload, in  1.276 seconds
Platform modules already initialized, skipping
Refreshing native plugins compatible for Editor in 0.64 ms, found 1 plugins.
Preloading 0 native plugins for Editor in 0.00 ms.
Unloading 1789 Unused Serialized files (Serialized files now loaded: 0)
System memory in use before: 87.7 MB.
System memory in use after: 87.7 MB.

Unloading 12 unused Assets to reduce memory usage. Loaded Objects now: 2403.
Total: 2.573100 ms (FindLiveObjects: 0.320900 ms CreateObjectMapping: 0.125700 ms MarkObjects: 2.001600 ms  DeleteObjects: 0.123200 ms)

========================================================================
Received Import Request.
  Time since last request: 101.150116 seconds.
  path: Assets/Scripts/CameraFollow.cs
  artifactKey: Guid(2d5e1c83073e1624ebfedbfacfc0f8e9) Importer(815301076,1909f56bfc062723c751e8b465ee728b)
Start importing Assets/Scripts/CameraFollow.cs using Guid(2d5e1c83073e1624ebfedbfacfc0f8e9) Importer(815301076,1909f56bfc062723c751e8b465ee728b)  -> (artifact id: 'f399885cd1f3638c3f64e8d2f6144acc') in 0.004466 seconds
  Import took 0.108103 seconds .

========================================================================
Received Prepare
Registering precompiled user dll's ...
Registered in 0.000771 seconds.
Begin MonoManager ReloadAssembly
Native extension for WindowsStandalone target not found
Refreshing native plugins compatible for Editor in 0.61 ms, found 1 plugins.
Preloading 0 native plugins for Editor in 0.00 ms.
Invoked RoslynAnalysisRunner static constructor.
RoslynAnalysisRunner will not be running.
RoslynAnalysisRunner has terminated.
Mono: successfully reloaded assembly
- Completed reload, in  1.352 seconds
Platform modules already initialized, skipping
Refreshing native plugins compatible for Editor in 0.36 ms, found 1 plugins.
Preloading 0 native plugins for Editor in 0.00 ms.
Unloading 1789 Unused Serialized files (Serialized files now loaded: 0)
System memory in use before: 87.7 MB.
System memory in use after: 87.7 MB.

Unloading 12 unused Assets to reduce memory usage. Loaded Objects now: 2406.
Total: 2.480600 ms (FindLiveObjects: 0.315900 ms CreateObjectMapping: 0.122900 ms MarkObjects: 1.917000 ms  DeleteObjects: 0.123200 ms)

========================================================================
Received Prepare
Registering precompiled user dll's ...
Registered in 0.000765 seconds.
Begin MonoManager ReloadAssembly
Native extension for WindowsStandalone target not found
Refreshing native plugins compatible for Editor in 0.38 ms, found 1 plugins.
Preloading 0 native plugins for Editor in 0.00 ms.
Invoked RoslynAnalysisRunner static constructor.
RoslynAnalysisRunner will not be running.
RoslynAnalysisRunner has terminated.
Mono: successfully reloaded assembly
- Completed reload, in  1.208 seconds
Platform modules already initialized, skipping
Refreshing native plugins compatible for Editor in 0.57 ms, found 1 plugins.
Preloading 0 native plugins for Editor in 0.00 ms.
Unloading 1789 Unused Serialized files (Serialized files now loaded: 0)
System memory in use before: 87.8 MB.
System memory in use after: 87.7 MB.

Unloading 12 unused Assets to reduce memory usage. Loaded Objects now: 2409.
Total: 3.738900 ms (FindLiveObjects: 0.374500 ms CreateObjectMapping: 0.143200 ms MarkObjects: 3.031300 ms  DeleteObjects: 0.187600 ms)

========================================================================
Received Prepare
Registering precompiled user dll's ...
Registered in 0.001397 seconds.
Begin MonoManager ReloadAssembly
Native extension for WindowsStandalone target not found
Refreshing native plugins compatible for Editor in 0.38 ms, found 1 plugins.
Preloading 0 native plugins for Editor in 0.00 ms.
Invoked RoslynAnalysisRunner static constructor.
RoslynAnalysisRunner will not be running.
RoslynAnalysisRunner has terminated.
Mono: successfully reloaded assembly
- Completed reload, in  1.247 seconds
Platform modules already initialized, skipping
Refreshing native plugins compatible for Editor in 0.36 ms, found 1 plugins.
Preloading 0 native plugins for Editor in 0.00 ms.
Unloading 1789 Unused Serialized files (Serialized files now loaded: 0)
System memory in use before: 87.8 MB.
System memory in use after: 87.8 MB.

Unloading 12 unused Assets to reduce memory usage. Loaded Objects now: 2412.
Total: 3.629500 ms (FindLiveObjects: 0.342200 ms CreateObjectMapping: 0.162900 ms MarkObjects: 2.963600 ms  DeleteObjects: 0.159000 ms)

========================================================================
Received Prepare
Registering precompiled user dll's ...
Registered in 0.000808 seconds.
Begin MonoManager ReloadAssembly
Native extension for WindowsStandalone target not found
Refreshing native plugins compatible for Editor in 0.43 ms, found 1 plugins.
Preloading 0 native plugins for Editor in 0.00 ms.
Invoked RoslynAnalysisRunner static constructor.
RoslynAnalysisRunner will not be running.
RoslynAnalysisRunner has terminated.
Mono: successfully reloaded assembly
- Completed reload, in  1.234 seconds
Platform modules already initialized, skipping
Refreshing native plugins compatible for Editor in 0.42 ms, found 1 plugins.
Preloading 0 native plugins for Editor in 0.00 ms.
Unloading 1789 Unused Serialized files (Serialized files now loaded: 0)
System memory in use before: 87.8 MB.
System memory in use after: 87.8 MB.

Unloading 12 unused Assets to reduce memory usage. Loaded Objects now: 2415.
Total: 2.367500 ms (FindLiveObjects: 0.220200 ms CreateObjectMapping: 0.088900 ms MarkObjects: 1.933400 ms  DeleteObjects: 0.123300 ms)

========================================================================
Received Prepare
Registering precompiled user dll's ...
Registered in 0.001254 seconds.
Begin MonoManager ReloadAssembly
Native extension for WindowsStandalone target not found
Refreshing native plugins compatible for Editor in 0.48 ms, found 1 plugins.
Preloading 0 native plugins for Editor in 0.00 ms.
Invoked RoslynAnalysisRunner static constructor.
RoslynAnalysisRunner will not be running.
RoslynAnalysisRunner has terminated.
Mono: successfully reloaded assembly
- Completed reload, in  1.346 seconds
Platform modules already initialized, skipping
Refreshing native plugins compatible for Editor in 0.50 ms, found 1 plugins.
Preloading 0 native plugins for Editor in 0.00 ms.
Unloading 1789 Unused Serialized files (Serialized files now loaded: 0)
System memory in use before: 87.8 MB.
System memory in use after: 87.8 MB.

Unloading 12 unused Assets to reduce memory usage. Loaded Objects now: 2418.
Total: 3.587600 ms (FindLiveObjects: 0.263500 ms CreateObjectMapping: 0.179700 ms MarkObjects: 2.960400 ms  DeleteObjects: 0.181800 ms)

========================================================================
Received Prepare
Registering precompiled user dll's ...
Registered in 0.000862 seconds.
Begin MonoManager ReloadAssembly
Native extension for WindowsStandalone target not found
Refreshing native plugins compatible for Editor in 0.42 ms, found 1 plugins.
Preloading 0 native plugins for Editor in 0.00 ms.
Invoked RoslynAnalysisRunner static constructor.
RoslynAnalysisRunner will not be running.
RoslynAnalysisRunner has terminated.
Mono: successfully reloaded assembly
- Completed reload, in  1.216 seconds
Platform modules already initialized, skipping
Refreshing native plugins compatible for Editor in 0.68 ms, found 1 plugins.
Preloading 0 native plugins for Editor in 0.00 ms.
Unloading 1789 Unused Serialized files (Serialized files now loaded: 0)
System memory in use before: 87.8 MB.
System memory in use after: 87.8 MB.

Unloading 12 unused Assets to reduce memory usage. Loaded Objects now: 2421.
Total: 3.673000 ms (FindLiveObjects: 0.381600 ms CreateObjectMapping: 0.203600 ms MarkObjects: 2.909300 ms  DeleteObjects: 0.176500 ms)

========================================================================
Received Prepare
Registering precompiled user dll's ...
Registered in 0.001268 seconds.
Begin MonoManager ReloadAssembly
Native extension for WindowsStandalone target not found
Refreshing native plugins compatible for Editor in 0.63 ms, found 1 plugins.
Preloading 0 native plugins for Editor in 0.00 ms.
Invoked RoslynAnalysisRunner static constructor.
RoslynAnalysisRunner will not be running.
RoslynAnalysisRunner has terminated.
Mono: successfully reloaded assembly
- Completed reload, in  1.295 seconds
Platform modules already initialized, skipping
Refreshing native plugins compatible for Editor in 0.41 ms, found 1 plugins.
Preloading 0 native plugins for Editor in 0.00 ms.
Unloading 1789 Unused Serialized files (Serialized files now loaded: 0)
System memory in use before: 87.8 MB.
System memory in use after: 87.8 MB.

Unloading 12 unused Assets to reduce memory usage. Loaded Objects now: 2424.
Total: 3.627300 ms (FindLiveObjects: 0.373600 ms CreateObjectMapping: 0.142200 ms MarkObjects: 2.929400 ms  DeleteObjects: 0.180100 ms)

========================================================================
Received Prepare
Registering precompiled user dll's ...
Registered in 0.000949 seconds.
Begin MonoManager ReloadAssembly
Native extension for WindowsStandalone target not found
Refreshing native plugins compatible for Editor in 0.66 ms, found 1 plugins.
Preloading 0 native plugins for Editor in 0.00 ms.
Invoked RoslynAnalysisRunner static constructor.
RoslynAnalysisRunner will not be running.
RoslynAnalysisRunner has terminated.
Mono: successfully reloaded assembly
- Completed reload, in  1.299 seconds
Platform modules already initialized, skipping
Refreshing native plugins compatible for Editor in 0.63 ms, found 1 plugins.
Preloading 0 native plugins for Editor in 0.00 ms.
Unloading 1789 Unused Serialized files (Serialized files now loaded: 0)
System memory in use before: 87.8 MB.
System memory in use after: 87.8 MB.

Unloading 12 unused Assets to reduce memory usage. Loaded Objects now: 2427.
Total: 3.114600 ms (FindLiveObjects: 0.395900 ms CreateObjectMapping: 0.159000 ms MarkObjects: 2.372900 ms  DeleteObjects: 0.183300 ms)

========================================================================
Received Import Request.
  Time since last request: 810.863838 seconds.
  path: Assets/Sprites/Water Animation
  artifactKey: Guid(a94852edfd6c8414797c3ddf58b1653e) Importer(815301076,1909f56bfc062723c751e8b465ee728b)
Start importing Assets/Sprites/Water Animation using Guid(a94852edfd6c8414797c3ddf58b1653e) Importer(815301076,1909f56bfc062723c751e8b465ee728b)  -> (artifact id: '692e30616a1225b33eec70953ffd6dc3') in 0.011796 seconds
  Import took 0.017024 seconds .

========================================================================
Received Import Request.
  Time since last request: 0.916783 seconds.
  path: Assets/Sprites/Water Animation/1x
  artifactKey: Guid(4911a9a388ab3264fab563fd9db4b5f0) Importer(815301076,1909f56bfc062723c751e8b465ee728b)
Start importing Assets/Sprites/Water Animation/1x using Guid(4911a9a388ab3264fab563fd9db4b5f0) Importer(815301076,1909f56bfc062723c751e8b465ee728b)  -> (artifact id: '4fad3c2d8af2153423dd3237bfdbbf3a') in 0.007278 seconds
  Import took 0.011283 seconds .

========================================================================
Received Import Request.
  Time since last request: 0.050399 seconds.
  path: Assets/Sprites/Water Animation/1x/image 1.png
  artifactKey: Guid(213b5e5c3107006428c0e8a62c48229a) Importer(815301076,1909f56bfc062723c751e8b465ee728b)
Start importing Assets/Sprites/Water Animation/1x/image 1.png using Guid(213b5e5c3107006428c0e8a62c48229a) Importer(815301076,1909f56bfc062723c751e8b465ee728b)  -> (artifact id: 'd70e942d3f5bea1f74f038a3e4d9a814') in 0.072118 seconds
  Import took 0.076708 seconds .

========================================================================
Received Import Request.
  Time since last request: 0.000310 seconds.
  path: Assets/Sprites/Water Animation/1x/image 8.png
  artifactKey: Guid(c220f902cfeb3d349ac3a1d090d3bf3d) Importer(815301076,1909f56bfc062723c751e8b465ee728b)
Start importing Assets/Sprites/Water Animation/1x/image 8.png using Guid(c220f902cfeb3d349ac3a1d090d3bf3d) Importer(815301076,1909f56bfc062723c751e8b465ee728b)  -> (artifact id: '7f41553bf530d9ad68380b4f2d6a0ea7') in 0.019906 seconds
  Import took 0.044670 seconds .

========================================================================
Received Import Request.
  Time since last request: 0.000304 seconds.
  path: Assets/Sprites/Water Animation/1x/image 7.png
  artifactKey: Guid(3538b1f6dc6d4d9469047990ed262322) Importer(815301076,1909f56bfc062723c751e8b465ee728b)
Start importing Assets/Sprites/Water Animation/1x/image 7.png using Guid(3538b1f6dc6d4d9469047990ed262322) Importer(815301076,1909f56bfc062723c751e8b465ee728b)  -> (artifact id: '5e00ade7811f23a231989c7d34a36d00') in 0.016237 seconds
  Import took 0.020202 seconds .

========================================================================
Received Import Request.
  Time since last request: 0.001021 seconds.
  path: Assets/Sprites/Water Animation/1x/image 10.png
  artifactKey: Guid(d1ac6aac20eda3e4a90459a11ab7b86b) Importer(815301076,1909f56bfc062723c751e8b465ee728b)
Start importing Assets/Sprites/Water Animation/1x/image 10.png using Guid(d1ac6aac20eda3e4a90459a11ab7b86b) Importer(815301076,1909f56bfc062723c751e8b465ee728b)  -> (artifact id: '61c87b521c106fe9777476540c254813') in 0.021572 seconds
  Import took 0.033239 seconds .

========================================================================
Received Import Request.
  Time since last request: 0.000286 seconds.
  path: Assets/Sprites/Water Animation/1x/image 9.png
  artifactKey: Guid(d8671e12040bb824db26e78d38a1b7f7) Importer(815301076,1909f56bfc062723c751e8b465ee728b)
Start importing Assets/Sprites/Water Animation/1x/image 9.png using Guid(d8671e12040bb824db26e78d38a1b7f7) Importer(815301076,1909f56bfc062723c751e8b465ee728b)  -> (artifact id: '9ce92a3ed193d52ccd3416676f584512') in 0.018157 seconds
  Import took 0.022957 seconds .

========================================================================
Received Import Request.
  Time since last request: 0.000240 seconds.
  path: Assets/Sprites/Water Animation/1x/image 14.png
  artifactKey: Guid(18de01690a03f7b4c8d31c08332b21ee) Importer(815301076,1909f56bfc062723c751e8b465ee728b)
Start importing Assets/Sprites/Water Animation/1x/image 14.png using Guid(18de01690a03f7b4c8d31c08332b21ee) Importer(815301076,1909f56bfc062723c751e8b465ee728b)  -> (artifact id: '50337388aecc88952143f60279a26fbf') in 0.023005 seconds
  Import took 0.029004 seconds .

========================================================================
Received Import Request.
  Time since last request: 0.000203 seconds.
  path: Assets/Sprites/Water Animation/1x/image 12.png
  artifactKey: Guid(e14eb219605e7f84cba707f65279aa7f) Importer(815301076,1909f56bfc062723c751e8b465ee728b)
Start importing Assets/Sprites/Water Animation/1x/image 12.png using Guid(e14eb219605e7f84cba707f65279aa7f) Importer(815301076,1909f56bfc062723c751e8b465ee728b)  -> (artifact id: '5dd04ed836c114ca9df08e92d7579c8e') in 0.019227 seconds
  Import took 0.024674 seconds .

========================================================================
Received Import Request.
  Time since last request: 0.000225 seconds.
  path: Assets/Sprites/Water Animation/1x/image 17.png
  artifactKey: Guid(1d0aa59a0ced6514bb817db159aec0c6) Importer(815301076,1909f56bfc062723c751e8b465ee728b)
Start importing Assets/Sprites/Water Animation/1x/image 17.png using Guid(1d0aa59a0ced6514bb817db159aec0c6) Importer(815301076,1909f56bfc062723c751e8b465ee728b)  -> (artifact id: 'dd28cdf18004d0f15853a435adefbd11') in 0.020939 seconds
  Import took 0.025399 seconds .

========================================================================
Received Import Request.
  Time since last request: 0.000185 seconds.
  path: Assets/Sprites/Water Animation/1x/image 3.png
  artifactKey: Guid(e73e2d2438996544085f479acaddb206) Importer(815301076,1909f56bfc062723c751e8b465ee728b)
Start importing Assets/Sprites/Water Animation/1x/image 3.png using Guid(e73e2d2438996544085f479acaddb206) Importer(815301076,1909f56bfc062723c751e8b465ee728b)  -> (artifact id: '3b5b4445a835c44661405aa354811d6d') in 0.023091 seconds
  Import took 0.027461 seconds .

========================================================================
Received Import Request.
  Time since last request: 0.000309 seconds.
  path: Assets/Sprites/Water Animation/1x/image 16.png
  artifactKey: Guid(d8119d5db2f37d54a9937b8e989f547d) Importer(815301076,1909f56bfc062723c751e8b465ee728b)
Start importing Assets/Sprites/Water Animation/1x/image 16.png using Guid(d8119d5db2f37d54a9937b8e989f547d) Importer(815301076,1909f56bfc062723c751e8b465ee728b)  -> (artifact id: 'be2e2c3aca9bb87d26c61b50e6e41be3') in 0.019292 seconds
  Import took 0.024068 seconds .

========================================================================
Received Import Request.
  Time since last request: 0.000253 seconds.
  path: Assets/Sprites/Water Animation/1x/image 2.png
  artifactKey: Guid(2a6d58825bd26c34090df3059fef0b07) Importer(815301076,1909f56bfc062723c751e8b465ee728b)
Start importing Assets/Sprites/Water Animation/1x/image 2.png using Guid(2a6d58825bd26c34090df3059fef0b07) Importer(815301076,1909f56bfc062723c751e8b465ee728b)  -> (artifact id: '56e5b7ac00a14723850af4ca48cf5f04') in 0.019202 seconds
  Import took 0.046738 seconds .

========================================================================
Received Import Request.
  Time since last request: 0.000195 seconds.
  path: Assets/Sprites/Water Animation/1x/image 4.png
  artifactKey: Guid(a5635eb35f9cc75438c0780a742f3660) Importer(815301076,1909f56bfc062723c751e8b465ee728b)
Start importing Assets/Sprites/Water Animation/1x/image 4.png using Guid(a5635eb35f9cc75438c0780a742f3660) Importer(815301076,1909f56bfc062723c751e8b465ee728b)  -> (artifact id: 'e2214af8a3e3cfae07b10a6e941364a9') in 0.020654 seconds
  Import took 0.024977 seconds .

========================================================================
Received Import Request.
  Time since last request: 0.000279 seconds.
  path: Assets/Sprites/Water Animation/1x/image 5.png
  artifactKey: Guid(9419e955d1a29dd4f80fcc76cd8bf11a) Importer(815301076,1909f56bfc062723c751e8b465ee728b)
Start importing Assets/Sprites/Water Animation/1x/image 5.png using Guid(9419e955d1a29dd4f80fcc76cd8bf11a) Importer(815301076,1909f56bfc062723c751e8b465ee728b)  -> (artifact id: '989a6d0e78d12540bd4fed8b3d8ae595') in 0.019496 seconds
  Import took 0.025081 seconds .

========================================================================
Received Import Request.
  Time since last request: 0.000219 seconds.
  path: Assets/Sprites/Water Animation/1x/image 15.png
  artifactKey: Guid(7b453130c48af66479de4d9ca953a018) Importer(815301076,1909f56bfc062723c751e8b465ee728b)
Start importing Assets/Sprites/Water Animation/1x/image 15.png using Guid(7b453130c48af66479de4d9ca953a018) Importer(815301076,1909f56bfc062723c751e8b465ee728b)  -> (artifact id: '90c90abe2fcf957e6539064569e88d71') in 0.021818 seconds
  Import took 0.026369 seconds .

========================================================================
Received Import Request.
  Time since last request: 0.000214 seconds.
  path: Assets/Sprites/Water Animation/1x/image 11.png
  artifactKey: Guid(ef90cbda472c9d846a10b3febe2aa972) Importer(815301076,1909f56bfc062723c751e8b465ee728b)
Start importing Assets/Sprites/Water Animation/1x/image 11.png using Guid(ef90cbda472c9d846a10b3febe2aa972) Importer(815301076,1909f56bfc062723c751e8b465ee728b)  -> (artifact id: '314486f2400c5886c8f2c11b277e9886') in 0.021453 seconds
  Import took 0.026728 seconds .

========================================================================
Received Import Request.
  Time since last request: 0.000466 seconds.
  path: Assets/Sprites/Water Animation/1x/image 13.png
  artifactKey: Guid(8f09baf25197f6d44a4b32a96853bbfd) Importer(815301076,1909f56bfc062723c751e8b465ee728b)
Start importing Assets/Sprites/Water Animation/1x/image 13.png using Guid(8f09baf25197f6d44a4b32a96853bbfd) Importer(815301076,1909f56bfc062723c751e8b465ee728b)  -> (artifact id: '86f955d748d2698d8c2e07414bea3117') in 0.018644 seconds
  Import took 0.024938 seconds .

========================================================================
Received Import Request.
  Time since last request: 0.000440 seconds.
  path: Assets/Sprites/Water Animation/1x/image 6.png
  artifactKey: Guid(098141068100500428d61ed1a95b4880) Importer(815301076,1909f56bfc062723c751e8b465ee728b)
Start importing Assets/Sprites/Water Animation/1x/image 6.png using Guid(098141068100500428d61ed1a95b4880) Importer(815301076,1909f56bfc062723c751e8b465ee728b)  -> (artifact id: 'e135ea81bbebffa5b4a98936d4a3fc69') in 0.022027 seconds
  Import took 0.027893 seconds .

========================================================================
Received Import Request.
  Time since last request: 22.560163 seconds.
  path: Assets/Sprites/Water Animation/1x/image 1.png
  artifactKey: Guid(213b5e5c3107006428c0e8a62c48229a) Importer(815301076,1909f56bfc062723c751e8b465ee728b)
Start importing Assets/Sprites/Water Animation/1x/image 1.png using Guid(213b5e5c3107006428c0e8a62c48229a) Importer(815301076,1909f56bfc062723c751e8b465ee728b)  -> (artifact id: '6c622d37274f59849add2bf5f0351165') in 0.017328 seconds
  Import took 0.021363 seconds .

========================================================================
Received Prepare
Registering precompiled user dll's ...
Registered in 0.000775 seconds.
Begin MonoManager ReloadAssembly
Native extension for WindowsStandalone target not found
Refreshing native plugins compatible for Editor in 0.67 ms, found 1 plugins.
Preloading 0 native plugins for Editor in 0.00 ms.
Invoked RoslynAnalysisRunner static constructor.
RoslynAnalysisRunner will not be running.
RoslynAnalysisRunner has terminated.
Mono: successfully reloaded assembly
- Completed reload, in  1.274 seconds
Platform modules already initialized, skipping
Refreshing native plugins compatible for Editor in 0.38 ms, found 1 plugins.
Preloading 0 native plugins for Editor in 0.00 ms.
Unloading 1789 Unused Serialized files (Serialized files now loaded: 0)
System memory in use before: 87.9 MB.
System memory in use after: 87.9 MB.

Unloading 12 unused Assets to reduce memory usage. Loaded Objects now: 2431.
Total: 2.365300 ms (FindLiveObjects: 0.225500 ms CreateObjectMapping: 0.087600 ms MarkObjects: 1.932900 ms  DeleteObjects: 0.117900 ms)

========================================================================
Received Prepare
Registering precompiled user dll's ...
Registered in 0.136500 seconds.
Begin MonoManager ReloadAssembly
Native extension for WindowsStandalone target not found
Refreshing native plugins compatible for Editor in 0.63 ms, found 1 plugins.
Preloading 0 native plugins for Editor in 0.00 ms.
Invoked RoslynAnalysisRunner static constructor.
RoslynAnalysisRunner will not be running.
RoslynAnalysisRunner has terminated.
Mono: successfully reloaded assembly
- Completed reload, in  7.627 seconds
Platform modules already initialized, skipping
Refreshing native plugins compatible for Editor in 0.41 ms, found 1 plugins.
Preloading 0 native plugins for Editor in 0.00 ms.
Unloading 1789 Unused Serialized files (Serialized files now loaded: 0)
System memory in use before: 87.9 MB.
System memory in use after: 87.9 MB.

Unloading 12 unused Assets to reduce memory usage. Loaded Objects now: 2434.
Total: 2.360800 ms (FindLiveObjects: 0.204900 ms CreateObjectMapping: 0.076500 ms MarkObjects: 1.961200 ms  DeleteObjects: 0.116900 ms)

AssetImportWorkerClient::OnTransportError - code=2 error=End of file
