Using pre-set license
Built from '2020.2/staging' branch; Version is '2020.2.3f1 (8ff31bc5bf5b) revision 9433883'; Using compiler version '192528614'; Build Type 'Release'
OS: 'Windows 10 Pro; OS build 19042.985; Version 2009; 64bit' Language: 'en' Physical Memory: 16228 MB
BatchMode: 1, IsHumanControllingUs: 0, StartBugReporterOnCrash: 0, Is64bit: 1, IsPro: 0

 COMMAND LINE ARGUMENTS:
C:\Program Files\Unity\Hub\Editor\2020.2.3f1\Editor\Unity.exe
-adb2
-batchMode
-noUpm
-name
AssetImportWorker0
-projectPath
D:/Omar/Unity/Platformer Game
-logFile
Logs/AssetImportWorker0.log
-srvPort
61884
Successfully changed project path to: D:/Omar/Unity/Platformer Game
D:/Omar/Unity/Platformer Game
Using Asset Import Pipeline V2.
Refreshing native plugins compatible for Editor in 51.31 ms, found 1 plugins.
Preloading 0 native plugins for Editor in 0.00 ms.
Initialize engine version: 2020.2.3f1 (8ff31bc5bf5b)
[Subsystems] Discovering subsystems at path C:/Program Files/Unity/Hub/Editor/2020.2.3f1/Editor/Data/Resources/UnitySubsystems
[Subsystems] Discovering subsystems at path D:/Omar/Unity/Platformer Game/Assets
GfxDevice: creating device client; threaded=0
Direct3D:
    Version:  Direct3D 11.0 [level 11.1]
    Renderer: NVIDIA GeForce GTX 1650 with Max-Q Design (ID=0x1f91)
    Vendor:   
    VRAM:     3962 MB
    Driver:   27.21.14.6647
Initialize mono
Mono path[0] = 'C:/Program Files/Unity/Hub/Editor/2020.2.3f1/Editor/Data/Managed'
Mono path[1] = 'C:/Program Files/Unity/Hub/Editor/2020.2.3f1/Editor/Data/MonoBleedingEdge/lib/mono/unityjit'
Mono config path = 'C:/Program Files/Unity/Hub/Editor/2020.2.3f1/Editor/Data/MonoBleedingEdge/etc'
Using monoOptions --debugger-agent=transport=dt_socket,embedding=1,server=y,suspend=n,address=127.0.0.1:56352
Begin MonoManager ReloadAssembly
Registering precompiled unity dll's ...
Register platform support module: C:/Program Files/Unity/Hub/Editor/2020.2.3f1/Editor/Data/PlaybackEngines/WindowsStandaloneSupport/UnityEditor.WindowsStandalone.Extensions.dll
Registered in 0.001496 seconds.
Native extension for WindowsStandalone target not found
Refreshing native plugins compatible for Editor in 49.06 ms, found 1 plugins.
Preloading 0 native plugins for Editor in 0.00 ms.
Invoked RoslynAnalysisRunner static constructor.
RoslynAnalysisRunner will not be running.
RoslynAnalysisRunner has terminated.
Mono: successfully reloaded assembly
- Completed reload, in  1.080 seconds
Platform modules already initialized, skipping
Registering precompiled user dll's ...
Registered in 0.001172 seconds.
Begin MonoManager ReloadAssembly
Native extension for WindowsStandalone target not found
Refreshing native plugins compatible for Editor in 42.57 ms, found 1 plugins.
Preloading 0 native plugins for Editor in 0.00 ms.
Invoked RoslynAnalysisRunner static constructor.
RoslynAnalysisRunner will not be running.
RoslynAnalysisRunner has terminated.
Mono: successfully reloaded assembly
- Completed reload, in  1.167 seconds
Platform modules already initialized, skipping
========================================================================
Worker process is ready to serve import requests
Launched and connected shader compiler UnityShaderCompiler.exe after 0.04 seconds
Refreshing native plugins compatible for Editor in 1.05 ms, found 1 plugins.
Preloading 0 native plugins for Editor in 0.00 ms.
Unloading 1794 Unused Serialized files (Serialized files now loaded: 0)
System memory in use before: 84.5 MB.
System memory in use after: 84.4 MB.

Unloading 24 unused Assets to reduce memory usage. Loaded Objects now: 2236.
Total: 2.908400 ms (FindLiveObjects: 0.362600 ms CreateObjectMapping: 0.248300 ms MarkObjects: 2.169000 ms  DeleteObjects: 0.126700 ms)

========================================================================
Received Import Request.
  path: Assets/PlatformerGUI
  artifactKey: Guid(42a50a3bba557c34681379881077e057) Importer(815301076,1909f56bfc062723c751e8b465ee728b)
Start importing Assets/PlatformerGUI using Guid(42a50a3bba557c34681379881077e057) Importer(815301076,1909f56bfc062723c751e8b465ee728b)  -> (artifact id: '047cc4604645841eaa5cf573ae380e44') in 0.011085 seconds
  Import took 0.015371 seconds .

========================================================================
Received Import Request.
  Time since last request: 12.226555 seconds.
  path: Assets/PlatformerGUI/1-1x.png
  artifactKey: Guid(933891f03a7cd884d9aa2fb57544a342) Importer(815301076,1909f56bfc062723c751e8b465ee728b)
Start importing Assets/PlatformerGUI/1-1x.png using Guid(933891f03a7cd884d9aa2fb57544a342) Importer(815301076,1909f56bfc062723c751e8b465ee728b)  -> (artifact id: '9c71ae8ac29db745a5fab384a92e9b00') in 0.116610 seconds
  Import took 0.120185 seconds .

========================================================================
Received Import Request.
  Time since last request: 0.000204 seconds.
  path: Assets/PlatformerGUI/PlayButton.png
  artifactKey: Guid(1ba485b78d6ba9b4995c0ab5ac69f804) Importer(815301076,1909f56bfc062723c751e8b465ee728b)
Start importing Assets/PlatformerGUI/PlayButton.png using Guid(1ba485b78d6ba9b4995c0ab5ac69f804) Importer(815301076,1909f56bfc062723c751e8b465ee728b)  -> (artifact id: '70b234a591fff96002c7cc73c863178c') in 0.015576 seconds
  Import took 0.019035 seconds .

========================================================================
Received Import Request.
  Time since last request: 0.000211 seconds.
  path: Assets/PlatformerGUI/10.png
  artifactKey: Guid(d15a98df7e8015e4c9808593b6794b6a) Importer(815301076,1909f56bfc062723c751e8b465ee728b)
Start importing Assets/PlatformerGUI/10.png using Guid(d15a98df7e8015e4c9808593b6794b6a) Importer(815301076,1909f56bfc062723c751e8b465ee728b)  -> (artifact id: '090aec2f1f4e130fcf69e8a09e73f89e') in 0.017594 seconds
  Import took 0.020963 seconds .

========================================================================
Received Import Request.
  Time since last request: 0.000445 seconds.
  path: Assets/PlatformerGUI/Crown.png
  artifactKey: Guid(b1a8932e57550c34883999601b871086) Importer(815301076,1909f56bfc062723c751e8b465ee728b)
Start importing Assets/PlatformerGUI/Crown.png using Guid(b1a8932e57550c34883999601b871086) Importer(815301076,1909f56bfc062723c751e8b465ee728b)  -> (artifact id: '3b82910d76229804e1bad2210a3b1bc8') in 0.018363 seconds
  Import took 0.022747 seconds .

========================================================================
Received Import Request.
  Time since last request: 0.000175 seconds.
  path: Assets/PlatformerGUI/ResumeButton.png
  artifactKey: Guid(239457601667b6b4d88a1bc0970c1db5) Importer(815301076,1909f56bfc062723c751e8b465ee728b)
Start importing Assets/PlatformerGUI/ResumeButton.png using Guid(239457601667b6b4d88a1bc0970c1db5) Importer(815301076,1909f56bfc062723c751e8b465ee728b)  -> (artifact id: '350594b612a0147fd6c8c494e7bffcbe') in 0.021624 seconds
  Import took 0.025534 seconds .

========================================================================
Received Import Request.
  Time since last request: 0.000278 seconds.
  path: Assets/PlatformerGUI/Windows.png
  artifactKey: Guid(af931f858bd486f4cb6024e4b73b6c4d) Importer(815301076,1909f56bfc062723c751e8b465ee728b)
Start importing Assets/PlatformerGUI/Windows.png using Guid(af931f858bd486f4cb6024e4b73b6c4d) Importer(815301076,1909f56bfc062723c751e8b465ee728b)  -> (artifact id: '7fe98857e47df3e84419f5737a3c1c84') in 0.054804 seconds
  Import took 0.059606 seconds .

========================================================================
Received Import Request.
  Time since last request: 0.000186 seconds.
  path: Assets/PlatformerGUI/RestartButton.png
  artifactKey: Guid(94218ec0ac54ac44392082c63541a017) Importer(815301076,1909f56bfc062723c751e8b465ee728b)
Start importing Assets/PlatformerGUI/RestartButton.png using Guid(94218ec0ac54ac44392082c63541a017) Importer(815301076,1909f56bfc062723c751e8b465ee728b)  -> (artifact id: '0b757195a3c3ab22a77aaa0afbc09ab8') in 0.023212 seconds
  Import took 0.028562 seconds .

========================================================================
Received Import Request.
  Time since last request: 0.000407 seconds.
  path: Assets/PlatformerGUI/Title.png
  artifactKey: Guid(95321974b5fd9234d956d63e582e4373) Importer(815301076,1909f56bfc062723c751e8b465ee728b)
Start importing Assets/PlatformerGUI/Title.png using Guid(95321974b5fd9234d956d63e582e4373) Importer(815301076,1909f56bfc062723c751e8b465ee728b)  -> (artifact id: '2771591cc7815cae4b29fdbf345f7274') in 0.017721 seconds
  Import took 0.021416 seconds .

========================================================================
Received Import Request.
  Time since last request: 0.000195 seconds.
  path: Assets/PlatformerGUI/PanelUI.png
  artifactKey: Guid(4bea314423bac7249b1e072ba910ce74) Importer(815301076,1909f56bfc062723c751e8b465ee728b)
Start importing Assets/PlatformerGUI/PanelUI.png using Guid(4bea314423bac7249b1e072ba910ce74) Importer(815301076,1909f56bfc062723c751e8b465ee728b)  -> (artifact id: '6b674f9f597add1b2ebdbd65b74b77ab') in 0.030148 seconds
  Import took 0.033973 seconds .

========================================================================
Received Import Request.
  Time since last request: 0.000275 seconds.
  path: Assets/PlatformerGUI/QuitButton.png
  artifactKey: Guid(b21ea0ecbfbc9d84ebc98df7cfef3f35) Importer(815301076,1909f56bfc062723c751e8b465ee728b)
Start importing Assets/PlatformerGUI/QuitButton.png using Guid(b21ea0ecbfbc9d84ebc98df7cfef3f35) Importer(815301076,1909f56bfc062723c751e8b465ee728b)  -> (artifact id: '990d956a598dccb72264e5a3e73e33fe') in 0.017754 seconds
  Import took 0.021608 seconds .

========================================================================
Received Import Request.
  Time since last request: 0.000302 seconds.
  path: Assets/PlatformerGUI/WinTitle.png
  artifactKey: Guid(69d519a1585a3da48b4584f049a68ef7) Importer(815301076,1909f56bfc062723c751e8b465ee728b)
Start importing Assets/PlatformerGUI/WinTitle.png using Guid(69d519a1585a3da48b4584f049a68ef7) Importer(815301076,1909f56bfc062723c751e8b465ee728b)  -> (artifact id: '98d22ddf0f79d9924c07803a12087d18') in 0.021583 seconds
  Import took 0.026183 seconds .

========================================================================
Received Import Request.
  Time since last request: 6.123200 seconds.
  path: Assets/Sprites/Traps/Mace.png
  artifactKey: Guid(da4f374a3f7409d47a7bd9a000f73168) Importer(815301076,1909f56bfc062723c751e8b465ee728b)
Start importing Assets/Sprites/Traps/Mace.png using Guid(da4f374a3f7409d47a7bd9a000f73168) Importer(815301076,1909f56bfc062723c751e8b465ee728b)  -> (artifact id: 'f17b1766f7b4da25881e69b60f6cab26') in 0.055329 seconds
  Import took 0.058624 seconds .

========================================================================
Received Import Request.
  Time since last request: 0.000231 seconds.
  path: Assets/Sprites/Traps/Spike_Up.png
  artifactKey: Guid(e0d5980c70b138148b6d9df7113e576e) Importer(815301076,1909f56bfc062723c751e8b465ee728b)
Start importing Assets/Sprites/Traps/Spike_Up.png using Guid(e0d5980c70b138148b6d9df7113e576e) Importer(815301076,1909f56bfc062723c751e8b465ee728b)  -> (artifact id: '8b9194bc090e0cc55e7506abfb4e9310') in 0.040860 seconds
  Import took 0.044925 seconds .

========================================================================
Received Import Request.
  Time since last request: 121.584947 seconds.
  path: Assets/Scripts/HealthManager.cs
  artifactKey: Guid(cafb47227711cb14b8250805edb95097) Importer(815301076,1909f56bfc062723c751e8b465ee728b)
Start importing Assets/Scripts/HealthManager.cs using Guid(cafb47227711cb14b8250805edb95097) Importer(815301076,1909f56bfc062723c751e8b465ee728b)  -> (artifact id: '60bfa3b27ea1912bb4164308b481dc48') in 0.014313 seconds
  Import took 0.018509 seconds .

========================================================================
Received Import Request.
  Time since last request: 36.336530 seconds.
  path: Assets/Scripts/HealthManager.cs
  artifactKey: Guid(cafb47227711cb14b8250805edb95097) Importer(815301076,1909f56bfc062723c751e8b465ee728b)
Start importing Assets/Scripts/HealthManager.cs using Guid(cafb47227711cb14b8250805edb95097) Importer(815301076,1909f56bfc062723c751e8b465ee728b)  -> (artifact id: 'c0ba6c661445eb74359f104968220b4c') in 0.001748 seconds
  Import took 0.099789 seconds .

========================================================================
Received Prepare
Registering precompiled user dll's ...
Registered in 0.001017 seconds.
Begin MonoManager ReloadAssembly
Native extension for WindowsStandalone target not found
Refreshing native plugins compatible for Editor in 0.44 ms, found 1 plugins.
Preloading 0 native plugins for Editor in 0.00 ms.
Invoked RoslynAnalysisRunner static constructor.
RoslynAnalysisRunner will not be running.
RoslynAnalysisRunner has terminated.
Mono: successfully reloaded assembly
- Completed reload, in  1.000 seconds
Platform modules already initialized, skipping
Refreshing native plugins compatible for Editor in 0.71 ms, found 1 plugins.
Preloading 0 native plugins for Editor in 0.00 ms.
Unloading 1790 Unused Serialized files (Serialized files now loaded: 0)
System memory in use before: 87.6 MB.
System memory in use after: 87.6 MB.

Unloading 12 unused Assets to reduce memory usage. Loaded Objects now: 2264.
Total: 4.975100 ms (FindLiveObjects: 0.337700 ms CreateObjectMapping: 0.146600 ms MarkObjects: 4.259900 ms  DeleteObjects: 0.227400 ms)

========================================================================
Received Import Request.
  Time since last request: 61.792533 seconds.
  path: ProjectSettings/TagManager.asset
  artifactKey: Guid(00000000000000003000000000000000) Importer(815301076,1909f56bfc062723c751e8b465ee728b)
Start importing ProjectSettings/TagManager.asset using Guid(00000000000000003000000000000000) Importer(815301076,1909f56bfc062723c751e8b465ee728b)  -> (artifact id: 'e10c90ff0ce323d98dd8c37201ed2510') in 0.111032 seconds
  Import took 0.114772 seconds .

========================================================================
Received Prepare
Registering precompiled user dll's ...
Registered in 0.000739 seconds.
Begin MonoManager ReloadAssembly
Native extension for WindowsStandalone target not found
Refreshing native plugins compatible for Editor in 0.34 ms, found 1 plugins.
Preloading 0 native plugins for Editor in 0.00 ms.
Invoked RoslynAnalysisRunner static constructor.
RoslynAnalysisRunner will not be running.
RoslynAnalysisRunner has terminated.
Mono: successfully reloaded assembly
- Completed reload, in  1.020 seconds
Platform modules already initialized, skipping
Refreshing native plugins compatible for Editor in 0.35 ms, found 1 plugins.
Preloading 0 native plugins for Editor in 0.00 ms.
Unloading 1790 Unused Serialized files (Serialized files now loaded: 0)
System memory in use before: 87.6 MB.
System memory in use after: 87.6 MB.

Unloading 13 unused Assets to reduce memory usage. Loaded Objects now: 2267.
Total: 2.250800 ms (FindLiveObjects: 0.283200 ms CreateObjectMapping: 0.130700 ms MarkObjects: 1.729300 ms  DeleteObjects: 0.106200 ms)

========================================================================
Received Prepare
Registering precompiled user dll's ...
Registered in 0.001033 seconds.
Begin MonoManager ReloadAssembly
Native extension for WindowsStandalone target not found
Refreshing native plugins compatible for Editor in 0.55 ms, found 1 plugins.
Preloading 0 native plugins for Editor in 0.00 ms.
Invoked RoslynAnalysisRunner static constructor.
RoslynAnalysisRunner will not be running.
RoslynAnalysisRunner has terminated.
Mono: successfully reloaded assembly
- Completed reload, in  1.032 seconds
Platform modules already initialized, skipping
Refreshing native plugins compatible for Editor in 0.38 ms, found 1 plugins.
Preloading 0 native plugins for Editor in 0.00 ms.
Unloading 1790 Unused Serialized files (Serialized files now loaded: 0)
System memory in use before: 87.6 MB.
System memory in use after: 87.6 MB.

Unloading 12 unused Assets to reduce memory usage. Loaded Objects now: 2270.
Total: 2.324000 ms (FindLiveObjects: 0.317000 ms CreateObjectMapping: 0.147500 ms MarkObjects: 1.746600 ms  DeleteObjects: 0.111300 ms)

========================================================================
Received Prepare
Registering precompiled user dll's ...
Registered in 0.000747 seconds.
Begin MonoManager ReloadAssembly
Native extension for WindowsStandalone target not found
Refreshing native plugins compatible for Editor in 0.57 ms, found 1 plugins.
Preloading 0 native plugins for Editor in 0.00 ms.
Invoked RoslynAnalysisRunner static constructor.
RoslynAnalysisRunner will not be running.
RoslynAnalysisRunner has terminated.
Mono: successfully reloaded assembly
- Completed reload, in  1.085 seconds
Platform modules already initialized, skipping
Refreshing native plugins compatible for Editor in 0.38 ms, found 1 plugins.
Preloading 0 native plugins for Editor in 0.00 ms.
Unloading 1790 Unused Serialized files (Serialized files now loaded: 0)
System memory in use before: 87.6 MB.
System memory in use after: 87.6 MB.

Unloading 12 unused Assets to reduce memory usage. Loaded Objects now: 2273.
Total: 2.526500 ms (FindLiveObjects: 0.318800 ms CreateObjectMapping: 0.155600 ms MarkObjects: 1.932300 ms  DeleteObjects: 0.117900 ms)

========================================================================
Received Prepare
Registering precompiled user dll's ...
Registered in 0.001254 seconds.
Begin MonoManager ReloadAssembly
Native extension for WindowsStandalone target not found
Refreshing native plugins compatible for Editor in 0.43 ms, found 1 plugins.
Preloading 0 native plugins for Editor in 0.00 ms.
Invoked RoslynAnalysisRunner static constructor.
RoslynAnalysisRunner will not be running.
RoslynAnalysisRunner has terminated.
Mono: successfully reloaded assembly
- Completed reload, in  1.364 seconds
Platform modules already initialized, skipping
Refreshing native plugins compatible for Editor in 0.45 ms, found 1 plugins.
Preloading 0 native plugins for Editor in 0.00 ms.
Unloading 1790 Unused Serialized files (Serialized files now loaded: 0)
System memory in use before: 87.6 MB.
System memory in use after: 87.6 MB.

Unloading 12 unused Assets to reduce memory usage. Loaded Objects now: 2276.
Total: 3.711000 ms (FindLiveObjects: 0.394800 ms CreateObjectMapping: 0.158000 ms MarkObjects: 2.976000 ms  DeleteObjects: 0.180500 ms)

========================================================================
Received Prepare
Registering precompiled user dll's ...
Registered in 0.001076 seconds.
Begin MonoManager ReloadAssembly
Native extension for WindowsStandalone target not found
Refreshing native plugins compatible for Editor in 0.54 ms, found 1 plugins.
Preloading 0 native plugins for Editor in 0.00 ms.
Invoked RoslynAnalysisRunner static constructor.
RoslynAnalysisRunner will not be running.
RoslynAnalysisRunner has terminated.
Mono: successfully reloaded assembly
- Completed reload, in  1.037 seconds
Platform modules already initialized, skipping
Refreshing native plugins compatible for Editor in 0.46 ms, found 1 plugins.
Preloading 0 native plugins for Editor in 0.00 ms.
Unloading 1790 Unused Serialized files (Serialized files now loaded: 0)
System memory in use before: 87.6 MB.
System memory in use after: 87.6 MB.

Unloading 12 unused Assets to reduce memory usage. Loaded Objects now: 2279.
Total: 2.416200 ms (FindLiveObjects: 0.337600 ms CreateObjectMapping: 0.131900 ms MarkObjects: 1.833200 ms  DeleteObjects: 0.111900 ms)

========================================================================
Received Import Request.
  Time since last request: 896.142864 seconds.
  path: ProjectSettings/TagManager.asset
  artifactKey: Guid(00000000000000003000000000000000) Importer(815301076,1909f56bfc062723c751e8b465ee728b)
Start importing ProjectSettings/TagManager.asset using Guid(00000000000000003000000000000000) Importer(815301076,1909f56bfc062723c751e8b465ee728b)  -> (artifact id: 'dbc6dc2927e57a27c0f7c74255582a91') in 0.023502 seconds
  Import took 0.027745 seconds .

========================================================================
Received Prepare
Registering precompiled user dll's ...
Registered in 0.000812 seconds.
Begin MonoManager ReloadAssembly
Native extension for WindowsStandalone target not found
Refreshing native plugins compatible for Editor in 0.64 ms, found 1 plugins.
Preloading 0 native plugins for Editor in 0.00 ms.
Invoked RoslynAnalysisRunner static constructor.
RoslynAnalysisRunner will not be running.
RoslynAnalysisRunner has terminated.
Mono: successfully reloaded assembly
- Completed reload, in  1.493 seconds
Platform modules already initialized, skipping
Refreshing native plugins compatible for Editor in 0.49 ms, found 1 plugins.
Preloading 0 native plugins for Editor in 0.00 ms.
Unloading 1791 Unused Serialized files (Serialized files now loaded: 0)
System memory in use before: 87.7 MB.
System memory in use after: 87.7 MB.

Unloading 13 unused Assets to reduce memory usage. Loaded Objects now: 2283.
Total: 3.569900 ms (FindLiveObjects: 0.395900 ms CreateObjectMapping: 0.156700 ms MarkObjects: 2.843000 ms  DeleteObjects: 0.171400 ms)

========================================================================
Received Import Request.
  Time since last request: 67.799813 seconds.
  path: Assets/Scripts/WinScript.cs
  artifactKey: Guid(48c005e944e96d6449c41a3c2c01f66d) Importer(815301076,1909f56bfc062723c751e8b465ee728b)
Start importing Assets/Scripts/WinScript.cs using Guid(48c005e944e96d6449c41a3c2c01f66d) Importer(815301076,1909f56bfc062723c751e8b465ee728b)  -> (artifact id: '55ecf460a558b6d029b5bcb5b7ece1ef') in 0.011492 seconds
  Import took 0.015966 seconds .

========================================================================
Received Prepare
Registering precompiled user dll's ...
Registered in 0.001275 seconds.
Begin MonoManager ReloadAssembly
Native extension for WindowsStandalone target not found
Refreshing native plugins compatible for Editor in 0.72 ms, found 1 plugins.
Preloading 0 native plugins for Editor in 0.00 ms.
Invoked RoslynAnalysisRunner static constructor.
RoslynAnalysisRunner will not be running.
RoslynAnalysisRunner has terminated.
Mono: successfully reloaded assembly
- Completed reload, in  1.339 seconds
Platform modules already initialized, skipping
Refreshing native plugins compatible for Editor in 0.47 ms, found 1 plugins.
Preloading 0 native plugins for Editor in 0.00 ms.
Unloading 1791 Unused Serialized files (Serialized files now loaded: 0)
System memory in use before: 87.7 MB.
System memory in use after: 87.7 MB.

Unloading 12 unused Assets to reduce memory usage. Loaded Objects now: 2286.
Total: 3.402700 ms (FindLiveObjects: 0.348700 ms CreateObjectMapping: 0.156000 ms MarkObjects: 2.737800 ms  DeleteObjects: 0.158200 ms)

========================================================================
Received Prepare
Registering precompiled user dll's ...
Registered in 0.000666 seconds.
Begin MonoManager ReloadAssembly
Native extension for WindowsStandalone target not found
Refreshing native plugins compatible for Editor in 0.43 ms, found 1 plugins.
Preloading 0 native plugins for Editor in 0.00 ms.
Invoked RoslynAnalysisRunner static constructor.
RoslynAnalysisRunner will not be running.
RoslynAnalysisRunner has terminated.
Mono: successfully reloaded assembly
- Completed reload, in  1.049 seconds
Platform modules already initialized, skipping
Refreshing native plugins compatible for Editor in 0.39 ms, found 1 plugins.
Preloading 0 native plugins for Editor in 0.00 ms.
Unloading 1791 Unused Serialized files (Serialized files now loaded: 0)
System memory in use before: 87.7 MB.
System memory in use after: 87.7 MB.

Unloading 12 unused Assets to reduce memory usage. Loaded Objects now: 2289.
Total: 2.475200 ms (FindLiveObjects: 0.342900 ms CreateObjectMapping: 0.149400 ms MarkObjects: 1.875000 ms  DeleteObjects: 0.106100 ms)

========================================================================
Received Import Request.
  Time since last request: 71.738496 seconds.
  path: Assets/Scripts/WinScript.cs
  artifactKey: Guid(48c005e944e96d6449c41a3c2c01f66d) Importer(815301076,1909f56bfc062723c751e8b465ee728b)
Start importing Assets/Scripts/WinScript.cs using Guid(48c005e944e96d6449c41a3c2c01f66d) Importer(815301076,1909f56bfc062723c751e8b465ee728b)  -> (artifact id: 'b6f80b78a19b8f9f430ac413a7c223c7') in 0.005680 seconds
  Import took 0.010458 seconds .

========================================================================
Received Prepare
Registering precompiled user dll's ...
Registered in 0.001018 seconds.
Begin MonoManager ReloadAssembly
Native extension for WindowsStandalone target not found
Refreshing native plugins compatible for Editor in 0.60 ms, found 1 plugins.
Preloading 0 native plugins for Editor in 0.00 ms.
Invoked RoslynAnalysisRunner static constructor.
RoslynAnalysisRunner will not be running.
RoslynAnalysisRunner has terminated.
Mono: successfully reloaded assembly
- Completed reload, in  1.008 seconds
Platform modules already initialized, skipping
Refreshing native plugins compatible for Editor in 0.37 ms, found 1 plugins.
Preloading 0 native plugins for Editor in 0.00 ms.
Unloading 1791 Unused Serialized files (Serialized files now loaded: 0)
System memory in use before: 87.7 MB.
System memory in use after: 87.7 MB.

Unloading 12 unused Assets to reduce memory usage. Loaded Objects now: 2292.
Total: 2.407100 ms (FindLiveObjects: 0.291100 ms CreateObjectMapping: 0.137500 ms MarkObjects: 1.854800 ms  DeleteObjects: 0.122100 ms)

========================================================================
Received Import Request.
  Time since last request: 74.412247 seconds.
  path: Assets/Prefabs/Player.prefab
  artifactKey: Guid(97e54667de7b3a44a9c8d9ec0c715f42) Importer(815301076,1909f56bfc062723c751e8b465ee728b)
Start importing Assets/Prefabs/Player.prefab using Guid(97e54667de7b3a44a9c8d9ec0c715f42) Importer(815301076,1909f56bfc062723c751e8b465ee728b)  -> (artifact id: '8e3d8cc5c0a8ae36e13fdd629099e701') in 0.067033 seconds
  Import took 0.071112 seconds .

========================================================================
Received Import Request.
  Time since last request: 4.123697 seconds.
  path: Assets/Prefabs/Water.prefab
  artifactKey: Guid(14d1b5fb77e9b0447b87c3786c2d0476) Importer(815301076,1909f56bfc062723c751e8b465ee728b)
Start importing Assets/Prefabs/Water.prefab using Guid(14d1b5fb77e9b0447b87c3786c2d0476) Importer(815301076,1909f56bfc062723c751e8b465ee728b)  -> (artifact id: 'fa3f1aa7a45b570ebda2cde9c0d2cdc0') in 0.013352 seconds
  Import took 0.017264 seconds .

========================================================================
Received Import Request.
  Time since last request: 0.020637 seconds.
  path: Assets/Prefabs/Water.prefab
  artifactKey: Guid(14d1b5fb77e9b0447b87c3786c2d0476) Importer(815301076,1909f56bfc062723c751e8b465ee728b)
Start importing Assets/Prefabs/Water.prefab using Guid(14d1b5fb77e9b0447b87c3786c2d0476) Importer(815301076,1909f56bfc062723c751e8b465ee728b)  -> (artifact id: 'fa3f1aa7a45b570ebda2cde9c0d2cdc0') in 0.009531 seconds
  Import took 0.013763 seconds .

========================================================================
Received Import Request.
  Time since last request: 1.818003 seconds.
  path: Assets/Prefabs/Mace.prefab
  artifactKey: Guid(e46b0ab0e51eab54486465afc7737121) Importer(815301076,1909f56bfc062723c751e8b465ee728b)
Start importing Assets/Prefabs/Mace.prefab using Guid(e46b0ab0e51eab54486465afc7737121) Importer(815301076,1909f56bfc062723c751e8b465ee728b)  -> (artifact id: '36bc6a88d3b234033c7ad5130b51a9fb') in 0.013573 seconds
  Import took 0.017499 seconds .

========================================================================
Received Import Request.
  Time since last request: 0.012406 seconds.
  path: Assets/Prefabs/Mace.prefab
  artifactKey: Guid(e46b0ab0e51eab54486465afc7737121) Importer(815301076,1909f56bfc062723c751e8b465ee728b)
Start importing Assets/Prefabs/Mace.prefab using Guid(e46b0ab0e51eab54486465afc7737121) Importer(815301076,1909f56bfc062723c751e8b465ee728b)  -> (artifact id: '36bc6a88d3b234033c7ad5130b51a9fb') in 0.010533 seconds
  Import took 0.013983 seconds .

========================================================================
Received Import Request.
  Time since last request: 1.821550 seconds.
  path: Assets/Prefabs/Spike_Up.prefab
  artifactKey: Guid(fbe4f470b1327044babd4ea1d82bdceb) Importer(815301076,1909f56bfc062723c751e8b465ee728b)
Start importing Assets/Prefabs/Spike_Up.prefab using Guid(fbe4f470b1327044babd4ea1d82bdceb) Importer(815301076,1909f56bfc062723c751e8b465ee728b)  -> (artifact id: '315bbb4e5fd9347bb66c52e2532d7747') in 0.012237 seconds
  Import took 0.054950 seconds .

========================================================================
Received Import Request.
  Time since last request: 0.002214 seconds.
  path: Assets/Prefabs/Spike_Up.prefab
  artifactKey: Guid(fbe4f470b1327044babd4ea1d82bdceb) Importer(815301076,1909f56bfc062723c751e8b465ee728b)
Start importing Assets/Prefabs/Spike_Up.prefab using Guid(fbe4f470b1327044babd4ea1d82bdceb) Importer(815301076,1909f56bfc062723c751e8b465ee728b)  -> (artifact id: '315bbb4e5fd9347bb66c52e2532d7747') in 0.011515 seconds
  Import took 0.015602 seconds .

========================================================================
Received Import Request.
  Time since last request: 2.063957 seconds.
  path: Assets/Prefabs/Chest.prefab
  artifactKey: Guid(47d4fcb243f5da540b5ba65c1aaabf5e) Importer(815301076,1909f56bfc062723c751e8b465ee728b)
Start importing Assets/Prefabs/Chest.prefab using Guid(47d4fcb243f5da540b5ba65c1aaabf5e) Importer(815301076,1909f56bfc062723c751e8b465ee728b)  -> (artifact id: 'cae70d16b9c89e0b68892acc0f14586c') in 0.014387 seconds
  Import took 0.017880 seconds .

========================================================================
Received Import Request.
  Time since last request: 0.013564 seconds.
  path: Assets/Prefabs/Chest.prefab
  artifactKey: Guid(47d4fcb243f5da540b5ba65c1aaabf5e) Importer(815301076,1909f56bfc062723c751e8b465ee728b)
Start importing Assets/Prefabs/Chest.prefab using Guid(47d4fcb243f5da540b5ba65c1aaabf5e) Importer(815301076,1909f56bfc062723c751e8b465ee728b)  -> (artifact id: 'cae70d16b9c89e0b68892acc0f14586c') in 0.007449 seconds
  Import took 0.011730 seconds .

========================================================================
Received Prepare
Registering precompiled user dll's ...
Registered in 0.000668 seconds.
Begin MonoManager ReloadAssembly
Native extension for WindowsStandalone target not found
Refreshing native plugins compatible for Editor in 0.35 ms, found 1 plugins.
Preloading 0 native plugins for Editor in 0.00 ms.
Invoked RoslynAnalysisRunner static constructor.
RoslynAnalysisRunner will not be running.
RoslynAnalysisRunner has terminated.
Mono: successfully reloaded assembly
- Completed reload, in  0.975 seconds
Platform modules already initialized, skipping
Refreshing native plugins compatible for Editor in 0.40 ms, found 1 plugins.
Preloading 0 native plugins for Editor in 0.00 ms.
Unloading 1791 Unused Serialized files (Serialized files now loaded: 0)
System memory in use before: 87.8 MB.
System memory in use after: 87.8 MB.

Unloading 12 unused Assets to reduce memory usage. Loaded Objects now: 2299.
Total: 2.287700 ms (FindLiveObjects: 0.291100 ms CreateObjectMapping: 0.115600 ms MarkObjects: 1.771700 ms  DeleteObjects: 0.107800 ms)

========================================================================
Received Prepare
Registering precompiled user dll's ...
Registered in 0.000718 seconds.
Begin MonoManager ReloadAssembly
Native extension for WindowsStandalone target not found
Refreshing native plugins compatible for Editor in 0.55 ms, found 1 plugins.
Preloading 0 native plugins for Editor in 0.00 ms.
Invoked RoslynAnalysisRunner static constructor.
RoslynAnalysisRunner will not be running.
RoslynAnalysisRunner has terminated.
Mono: successfully reloaded assembly
- Completed reload, in  0.920 seconds
Platform modules already initialized, skipping
Refreshing native plugins compatible for Editor in 0.39 ms, found 1 plugins.
Preloading 0 native plugins for Editor in 0.00 ms.
Unloading 1791 Unused Serialized files (Serialized files now loaded: 0)
System memory in use before: 87.8 MB.
System memory in use after: 87.8 MB.

Unloading 12 unused Assets to reduce memory usage. Loaded Objects now: 2302.
Total: 2.914300 ms (FindLiveObjects: 0.342200 ms CreateObjectMapping: 0.148200 ms MarkObjects: 2.289000 ms  DeleteObjects: 0.133400 ms)

========================================================================
Received Prepare
Registering precompiled user dll's ...
Registered in 0.001189 seconds.
Begin MonoManager ReloadAssembly
Native extension for WindowsStandalone target not found
Refreshing native plugins compatible for Editor in 0.41 ms, found 1 plugins.
Preloading 0 native plugins for Editor in 0.00 ms.
Invoked RoslynAnalysisRunner static constructor.
RoslynAnalysisRunner will not be running.
RoslynAnalysisRunner has terminated.
Mono: successfully reloaded assembly
- Completed reload, in  1.298 seconds
Platform modules already initialized, skipping
Refreshing native plugins compatible for Editor in 0.40 ms, found 1 plugins.
Preloading 0 native plugins for Editor in 0.00 ms.
Unloading 1791 Unused Serialized files (Serialized files now loaded: 0)
System memory in use before: 87.8 MB.
System memory in use after: 87.8 MB.

Unloading 12 unused Assets to reduce memory usage. Loaded Objects now: 2305.
Total: 2.710600 ms (FindLiveObjects: 0.348500 ms CreateObjectMapping: 0.146600 ms MarkObjects: 2.093300 ms  DeleteObjects: 0.120700 ms)

========================================================================
Received Prepare
Registering precompiled user dll's ...
Registered in 0.000803 seconds.
Begin MonoManager ReloadAssembly
Native extension for WindowsStandalone target not found
Refreshing native plugins compatible for Editor in 0.70 ms, found 1 plugins.
Preloading 0 native plugins for Editor in 0.00 ms.
Invoked RoslynAnalysisRunner static constructor.
RoslynAnalysisRunner will not be running.
RoslynAnalysisRunner has terminated.
Mono: successfully reloaded assembly
- Completed reload, in  1.402 seconds
Platform modules already initialized, skipping
Refreshing native plugins compatible for Editor in 0.39 ms, found 1 plugins.
Preloading 0 native plugins for Editor in 0.00 ms.
Unloading 1791 Unused Serialized files (Serialized files now loaded: 0)
System memory in use before: 87.8 MB.
System memory in use after: 87.8 MB.

Unloading 12 unused Assets to reduce memory usage. Loaded Objects now: 2308.
Total: 3.424900 ms (FindLiveObjects: 0.351600 ms CreateObjectMapping: 0.186500 ms MarkObjects: 2.720900 ms  DeleteObjects: 0.163800 ms)

========================================================================
Received Prepare
Registering precompiled user dll's ...
Registered in 0.001121 seconds.
Begin MonoManager ReloadAssembly
Native extension for WindowsStandalone target not found
Refreshing native plugins compatible for Editor in 0.53 ms, found 1 plugins.
Preloading 0 native plugins for Editor in 0.00 ms.
Invoked RoslynAnalysisRunner static constructor.
RoslynAnalysisRunner will not be running.
RoslynAnalysisRunner has terminated.
Mono: successfully reloaded assembly
- Completed reload, in  0.900 seconds
Platform modules already initialized, skipping
Refreshing native plugins compatible for Editor in 0.38 ms, found 1 plugins.
Preloading 0 native plugins for Editor in 0.00 ms.
Unloading 1791 Unused Serialized files (Serialized files now loaded: 0)
System memory in use before: 87.8 MB.
System memory in use after: 87.8 MB.

Unloading 12 unused Assets to reduce memory usage. Loaded Objects now: 2311.
Total: 2.205500 ms (FindLiveObjects: 0.282600 ms CreateObjectMapping: 0.088900 ms MarkObjects: 1.730300 ms  DeleteObjects: 0.101900 ms)

========================================================================
Received Prepare
Registering precompiled user dll's ...
Registered in 0.000784 seconds.
Begin MonoManager ReloadAssembly
Native extension for WindowsStandalone target not found
Refreshing native plugins compatible for Editor in 0.54 ms, found 1 plugins.
Preloading 0 native plugins for Editor in 0.00 ms.
Invoked RoslynAnalysisRunner static constructor.
RoslynAnalysisRunner will not be running.
RoslynAnalysisRunner has terminated.
Mono: successfully reloaded assembly
- Completed reload, in  0.995 seconds
Platform modules already initialized, skipping
Refreshing native plugins compatible for Editor in 0.34 ms, found 1 plugins.
Preloading 0 native plugins for Editor in 0.00 ms.
Unloading 1791 Unused Serialized files (Serialized files now loaded: 0)
System memory in use before: 87.8 MB.
System memory in use after: 87.8 MB.

Unloading 12 unused Assets to reduce memory usage. Loaded Objects now: 2314.
Total: 2.219000 ms (FindLiveObjects: 0.269200 ms CreateObjectMapping: 0.095600 ms MarkObjects: 1.737100 ms  DeleteObjects: 0.115500 ms)

========================================================================
Received Import Request.
  Time since last request: 414.631002 seconds.
  path: Assets/Prefabs/Player.prefab
  artifactKey: Guid(97e54667de7b3a44a9c8d9ec0c715f42) Importer(815301076,1909f56bfc062723c751e8b465ee728b)
Start importing Assets/Prefabs/Player.prefab using Guid(97e54667de7b3a44a9c8d9ec0c715f42) Importer(815301076,1909f56bfc062723c751e8b465ee728b)  -> (artifact id: 'f3ab9f5b47fbdd9ed3f333900b6cc0c6') in 0.063112 seconds
  Import took 0.066784 seconds .

========================================================================
Received Prepare
Registering precompiled user dll's ...
Registered in 0.001028 seconds.
Begin MonoManager ReloadAssembly
Native extension for WindowsStandalone target not found
Refreshing native plugins compatible for Editor in 0.35 ms, found 1 plugins.
Preloading 0 native plugins for Editor in 0.00 ms.
Invoked RoslynAnalysisRunner static constructor.
RoslynAnalysisRunner will not be running.
RoslynAnalysisRunner has terminated.
Mono: successfully reloaded assembly
- Completed reload, in  1.056 seconds
Platform modules already initialized, skipping
Refreshing native plugins compatible for Editor in 0.59 ms, found 1 plugins.
Preloading 0 native plugins for Editor in 0.00 ms.
Unloading 1791 Unused Serialized files (Serialized files now loaded: 0)
System memory in use before: 87.9 MB.
System memory in use after: 87.8 MB.

Unloading 12 unused Assets to reduce memory usage. Loaded Objects now: 2318.
Total: 3.311400 ms (FindLiveObjects: 0.403300 ms CreateObjectMapping: 0.163100 ms MarkObjects: 2.629000 ms  DeleteObjects: 0.114600 ms)

========================================================================
Received Prepare
Registering precompiled user dll's ...
Registered in 0.003361 seconds.
Begin MonoManager ReloadAssembly
Native extension for WindowsStandalone target not found
Refreshing native plugins compatible for Editor in 0.87 ms, found 1 plugins.
Preloading 0 native plugins for Editor in 0.00 ms.
Invoked RoslynAnalysisRunner static constructor.
RoslynAnalysisRunner will not be running.
RoslynAnalysisRunner has terminated.
Mono: successfully reloaded assembly
- Completed reload, in  1.344 seconds
Platform modules already initialized, skipping
Refreshing native plugins compatible for Editor in 0.38 ms, found 1 plugins.
Preloading 0 native plugins for Editor in 0.00 ms.
Unloading 1791 Unused Serialized files (Serialized files now loaded: 0)
System memory in use before: 87.9 MB.
System memory in use after: 87.9 MB.

Unloading 12 unused Assets to reduce memory usage. Loaded Objects now: 2321.
Total: 2.082900 ms (FindLiveObjects: 0.333400 ms CreateObjectMapping: 0.128700 ms MarkObjects: 1.519400 ms  DeleteObjects: 0.100300 ms)

========================================================================
Received Prepare
Registering precompiled user dll's ...
Registered in 0.000796 seconds.
Begin MonoManager ReloadAssembly
Native extension for WindowsStandalone target not found
Refreshing native plugins compatible for Editor in 0.39 ms, found 1 plugins.
Preloading 0 native plugins for Editor in 0.00 ms.
Invoked RoslynAnalysisRunner static constructor.
RoslynAnalysisRunner will not be running.
RoslynAnalysisRunner has terminated.
Mono: successfully reloaded assembly
- Completed reload, in  1.147 seconds
Platform modules already initialized, skipping
Refreshing native plugins compatible for Editor in 0.39 ms, found 1 plugins.
Preloading 0 native plugins for Editor in 0.00 ms.
Unloading 1791 Unused Serialized files (Serialized files now loaded: 0)
System memory in use before: 87.9 MB.
System memory in use after: 87.9 MB.

Unloading 12 unused Assets to reduce memory usage. Loaded Objects now: 2324.
Total: 2.921900 ms (FindLiveObjects: 0.378900 ms CreateObjectMapping: 0.155700 ms MarkObjects: 2.248900 ms  DeleteObjects: 0.136900 ms)

========================================================================
Received Import Request.
  Time since last request: 558.135057 seconds.
  path: Assets/Fonts
  artifactKey: Guid(72f60ed6dd40c6f428a7cf22824557f7) Importer(815301076,1909f56bfc062723c751e8b465ee728b)
Start importing Assets/Fonts using Guid(72f60ed6dd40c6f428a7cf22824557f7) Importer(815301076,1909f56bfc062723c751e8b465ee728b)  -> (artifact id: '1f79c44d7c8b6c36cf2871414f722a96') in 0.013650 seconds
  Import took 0.017463 seconds .

========================================================================
Received Import Request.
  Time since last request: 0.042313 seconds.
  path: Assets/Fonts/Guava Candy.otf
  artifactKey: Guid(165051119ba6cc24cabbff3f459dd4c6) Importer(815301076,1909f56bfc062723c751e8b465ee728b)
Start importing Assets/Fonts/Guava Candy.otf using Guid(165051119ba6cc24cabbff3f459dd4c6) Importer(815301076,1909f56bfc062723c751e8b465ee728b)  -> (artifact id: 'b58e6572513465b73a563b215c830925') in 0.085659 seconds
  Import took 0.091006 seconds .

========================================================================
Received Import Request.
  Time since last request: 0.000275 seconds.
  path: Assets/Fonts/Guava Candy.ttf
  artifactKey: Guid(ee68d69fb8f7ade4dab9fcb6d161964b) Importer(815301076,1909f56bfc062723c751e8b465ee728b)
Start importing Assets/Fonts/Guava Candy.ttf using Guid(ee68d69fb8f7ade4dab9fcb6d161964b) Importer(815301076,1909f56bfc062723c751e8b465ee728b)  -> (artifact id: 'c2a5cb15c0e8ffb88f156b5dcf0d529b') in 0.015496 seconds
  Import took 0.018988 seconds .

========================================================================
Received Import Request.
  Time since last request: 0.000198 seconds.
  path: Assets/Fonts/JungleAdventurer.ttf
  artifactKey: Guid(b90e142da3d9c9b4b9d86285b50f3e3b) Importer(815301076,1909f56bfc062723c751e8b465ee728b)
Start importing Assets/Fonts/JungleAdventurer.ttf using Guid(b90e142da3d9c9b4b9d86285b50f3e3b) Importer(815301076,1909f56bfc062723c751e8b465ee728b)  -> (artifact id: 'c6793d42e690b096840f55747297e060') in 0.015586 seconds
  Import took 0.019205 seconds .

========================================================================
Received Import Request.
  Time since last request: 591.998356 seconds.
  path: Assets/Scripts/UIManager.cs
  artifactKey: Guid(12982ba0e332c9c4eab95299e11c0091) Importer(815301076,1909f56bfc062723c751e8b465ee728b)
Start importing Assets/Scripts/UIManager.cs using Guid(12982ba0e332c9c4eab95299e11c0091) Importer(815301076,1909f56bfc062723c751e8b465ee728b)  -> (artifact id: 'a4e5fd8c228a7264076d538df81c8966') in 0.006367 seconds
  Import took 0.010479 seconds .

========================================================================
Received Prepare
Registering precompiled user dll's ...
Registered in 0.000743 seconds.
Begin MonoManager ReloadAssembly
Native extension for WindowsStandalone target not found
Refreshing native plugins compatible for Editor in 0.38 ms, found 1 plugins.
Preloading 0 native plugins for Editor in 0.00 ms.
Invoked RoslynAnalysisRunner static constructor.
RoslynAnalysisRunner will not be running.
RoslynAnalysisRunner has terminated.
Mono: successfully reloaded assembly
- Completed reload, in  1.268 seconds
Platform modules already initialized, skipping
Refreshing native plugins compatible for Editor in 0.34 ms, found 1 plugins.
Preloading 0 native plugins for Editor in 0.00 ms.
Unloading 1792 Unused Serialized files (Serialized files now loaded: 0)
System memory in use before: 88.3 MB.
System memory in use after: 88.3 MB.

Unloading 12 unused Assets to reduce memory usage. Loaded Objects now: 2366.
Total: 3.304200 ms (FindLiveObjects: 0.480900 ms CreateObjectMapping: 0.211200 ms MarkObjects: 2.492800 ms  DeleteObjects: 0.117700 ms)

========================================================================
Received Prepare
Registering precompiled user dll's ...
Registered in 0.000974 seconds.
Begin MonoManager ReloadAssembly
Native extension for WindowsStandalone target not found
Refreshing native plugins compatible for Editor in 0.61 ms, found 1 plugins.
Preloading 0 native plugins for Editor in 0.00 ms.
Invoked RoslynAnalysisRunner static constructor.
RoslynAnalysisRunner will not be running.
RoslynAnalysisRunner has terminated.
Mono: successfully reloaded assembly
- Completed reload, in  0.983 seconds
Platform modules already initialized, skipping
Refreshing native plugins compatible for Editor in 0.57 ms, found 1 plugins.
Preloading 0 native plugins for Editor in 0.00 ms.
Unloading 1792 Unused Serialized files (Serialized files now loaded: 0)
System memory in use before: 88.3 MB.
System memory in use after: 88.3 MB.

Unloading 12 unused Assets to reduce memory usage. Loaded Objects now: 2369.
Total: 2.773800 ms (FindLiveObjects: 0.368000 ms CreateObjectMapping: 0.171700 ms MarkObjects: 2.069600 ms  DeleteObjects: 0.162700 ms)

========================================================================
Received Import Request.
  Time since last request: 45.017312 seconds.
  path: Assets/Scripts/UIManager.cs
  artifactKey: Guid(12982ba0e332c9c4eab95299e11c0091) Importer(815301076,1909f56bfc062723c751e8b465ee728b)
Start importing Assets/Scripts/UIManager.cs using Guid(12982ba0e332c9c4eab95299e11c0091) Importer(815301076,1909f56bfc062723c751e8b465ee728b)  -> (artifact id: '7a6e39bef442a3fa9c1dc71df6bf20b6') in 0.004781 seconds
  Import took 0.008745 seconds .

========================================================================
Received Prepare
Registering precompiled user dll's ...
Registered in 0.000671 seconds.
Begin MonoManager ReloadAssembly
Native extension for WindowsStandalone target not found
Refreshing native plugins compatible for Editor in 0.40 ms, found 1 plugins.
Preloading 0 native plugins for Editor in 0.00 ms.
Invoked RoslynAnalysisRunner static constructor.
RoslynAnalysisRunner will not be running.
RoslynAnalysisRunner has terminated.
Mono: successfully reloaded assembly
- Completed reload, in  0.982 seconds
Platform modules already initialized, skipping
Refreshing native plugins compatible for Editor in 0.38 ms, found 1 plugins.
Preloading 0 native plugins for Editor in 0.00 ms.
Unloading 1792 Unused Serialized files (Serialized files now loaded: 0)
System memory in use before: 88.3 MB.
System memory in use after: 88.3 MB.

Unloading 12 unused Assets to reduce memory usage. Loaded Objects now: 2372.
Total: 2.401000 ms (FindLiveObjects: 0.226500 ms CreateObjectMapping: 0.090800 ms MarkObjects: 1.962500 ms  DeleteObjects: 0.119500 ms)

========================================================================
Received Import Request.
  Time since last request: 72.930271 seconds.
  path: Assets/Scripts/UIManager.cs
  artifactKey: Guid(12982ba0e332c9c4eab95299e11c0091) Importer(815301076,1909f56bfc062723c751e8b465ee728b)
Start importing Assets/Scripts/UIManager.cs using Guid(12982ba0e332c9c4eab95299e11c0091) Importer(815301076,1909f56bfc062723c751e8b465ee728b)  -> (artifact id: '7f7ccdcbdbdf083d85e3e8622a92fe83') in 0.004552 seconds
  Import took 0.007989 seconds .

========================================================================
Received Prepare
Registering precompiled user dll's ...
Registered in 0.001039 seconds.
Begin MonoManager ReloadAssembly
Native extension for WindowsStandalone target not found
Refreshing native plugins compatible for Editor in 0.62 ms, found 1 plugins.
Preloading 0 native plugins for Editor in 0.00 ms.
Invoked RoslynAnalysisRunner static constructor.
RoslynAnalysisRunner will not be running.
RoslynAnalysisRunner has terminated.
Mono: successfully reloaded assembly
- Completed reload, in  1.008 seconds
Platform modules already initialized, skipping
Refreshing native plugins compatible for Editor in 0.35 ms, found 1 plugins.
Preloading 0 native plugins for Editor in 0.00 ms.
Unloading 1792 Unused Serialized files (Serialized files now loaded: 0)
System memory in use before: 88.3 MB.
System memory in use after: 88.3 MB.

Unloading 12 unused Assets to reduce memory usage. Loaded Objects now: 2375.
Total: 3.010900 ms (FindLiveObjects: 0.349400 ms CreateObjectMapping: 0.160100 ms MarkObjects: 2.348900 ms  DeleteObjects: 0.150600 ms)

========================================================================
Received Prepare
Registering precompiled user dll's ...
Registered in 0.000652 seconds.
Begin MonoManager ReloadAssembly
Native extension for WindowsStandalone target not found
Refreshing native plugins compatible for Editor in 0.38 ms, found 1 plugins.
Preloading 0 native plugins for Editor in 0.00 ms.
Invoked RoslynAnalysisRunner static constructor.
RoslynAnalysisRunner will not be running.
RoslynAnalysisRunner has terminated.
Mono: successfully reloaded assembly
- Completed reload, in  1.044 seconds
Platform modules already initialized, skipping
Refreshing native plugins compatible for Editor in 0.59 ms, found 1 plugins.
Preloading 0 native plugins for Editor in 0.00 ms.
Unloading 1792 Unused Serialized files (Serialized files now loaded: 0)
System memory in use before: 88.3 MB.
System memory in use after: 88.3 MB.

Unloading 12 unused Assets to reduce memory usage. Loaded Objects now: 2378.
Total: 3.047800 ms (FindLiveObjects: 0.379300 ms CreateObjectMapping: 0.151300 ms MarkObjects: 2.380100 ms  DeleteObjects: 0.135400 ms)

========================================================================
Received Prepare
Registering precompiled user dll's ...
Registered in 0.000681 seconds.
Begin MonoManager ReloadAssembly
Native extension for WindowsStandalone target not found
Refreshing native plugins compatible for Editor in 0.56 ms, found 1 plugins.
Preloading 0 native plugins for Editor in 0.00 ms.
Invoked RoslynAnalysisRunner static constructor.
RoslynAnalysisRunner will not be running.
RoslynAnalysisRunner has terminated.
Mono: successfully reloaded assembly
- Completed reload, in  0.972 seconds
Platform modules already initialized, skipping
Refreshing native plugins compatible for Editor in 0.41 ms, found 1 plugins.
Preloading 0 native plugins for Editor in 0.00 ms.
Unloading 1792 Unused Serialized files (Serialized files now loaded: 0)
System memory in use before: 88.4 MB.
System memory in use after: 88.3 MB.

Unloading 12 unused Assets to reduce memory usage. Loaded Objects now: 2381.
Total: 2.271800 ms (FindLiveObjects: 0.333500 ms CreateObjectMapping: 0.105000 ms MarkObjects: 1.726900 ms  DeleteObjects: 0.104700 ms)

========================================================================
Received Prepare
Registering precompiled user dll's ...
Registered in 0.001263 seconds.
Begin MonoManager ReloadAssembly
Native extension for WindowsStandalone target not found
Refreshing native plugins compatible for Editor in 0.36 ms, found 1 plugins.
Preloading 0 native plugins for Editor in 0.00 ms.
Invoked RoslynAnalysisRunner static constructor.
RoslynAnalysisRunner will not be running.
RoslynAnalysisRunner has terminated.
Mono: successfully reloaded assembly
- Completed reload, in  1.047 seconds
Platform modules already initialized, skipping
Refreshing native plugins compatible for Editor in 0.34 ms, found 1 plugins.
Preloading 0 native plugins for Editor in 0.00 ms.
Unloading 1792 Unused Serialized files (Serialized files now loaded: 0)
System memory in use before: 88.4 MB.
System memory in use after: 88.4 MB.

Unloading 12 unused Assets to reduce memory usage. Loaded Objects now: 2384.
Total: 2.571900 ms (FindLiveObjects: 0.369400 ms CreateObjectMapping: 0.135000 ms MarkObjects: 1.959500 ms  DeleteObjects: 0.106600 ms)

========================================================================
Received Prepare
Registering precompiled user dll's ...
Registered in 0.000648 seconds.
Begin MonoManager ReloadAssembly
Native extension for WindowsStandalone target not found
Refreshing native plugins compatible for Editor in 0.58 ms, found 1 plugins.
Preloading 0 native plugins for Editor in 0.00 ms.
Invoked RoslynAnalysisRunner static constructor.
RoslynAnalysisRunner will not be running.
RoslynAnalysisRunner has terminated.
Mono: successfully reloaded assembly
- Completed reload, in  0.979 seconds
Platform modules already initialized, skipping
Refreshing native plugins compatible for Editor in 0.37 ms, found 1 plugins.
Preloading 0 native plugins for Editor in 0.00 ms.
Unloading 1792 Unused Serialized files (Serialized files now loaded: 0)
System memory in use before: 88.4 MB.
System memory in use after: 88.4 MB.

Unloading 12 unused Assets to reduce memory usage. Loaded Objects now: 2387.
Total: 3.757700 ms (FindLiveObjects: 0.386300 ms CreateObjectMapping: 0.172500 ms MarkObjects: 3.034700 ms  DeleteObjects: 0.162200 ms)

========================================================================
Received Prepare
Registering precompiled user dll's ...
Registered in 0.000998 seconds.
Begin MonoManager ReloadAssembly
Native extension for WindowsStandalone target not found
Refreshing native plugins compatible for Editor in 0.38 ms, found 1 plugins.
Preloading 0 native plugins for Editor in 0.00 ms.
Invoked RoslynAnalysisRunner static constructor.
RoslynAnalysisRunner will not be running.
RoslynAnalysisRunner has terminated.
Mono: successfully reloaded assembly
- Completed reload, in  0.967 seconds
Platform modules already initialized, skipping
Refreshing native plugins compatible for Editor in 0.37 ms, found 1 plugins.
Preloading 0 native plugins for Editor in 0.00 ms.
Unloading 1792 Unused Serialized files (Serialized files now loaded: 0)
System memory in use before: 88.4 MB.
System memory in use after: 88.4 MB.

Unloading 12 unused Assets to reduce memory usage. Loaded Objects now: 2390.
Total: 2.521800 ms (FindLiveObjects: 0.397100 ms CreateObjectMapping: 0.189900 ms MarkObjects: 1.821900 ms  DeleteObjects: 0.111400 ms)

========================================================================
Received Prepare
Registering precompiled user dll's ...
Registered in 0.001156 seconds.
Begin MonoManager ReloadAssembly
Native extension for WindowsStandalone target not found
Refreshing native plugins compatible for Editor in 0.60 ms, found 1 plugins.
Preloading 0 native plugins for Editor in 0.00 ms.
Invoked RoslynAnalysisRunner static constructor.
RoslynAnalysisRunner will not be running.
RoslynAnalysisRunner has terminated.
Mono: successfully reloaded assembly
- Completed reload, in  1.264 seconds
Platform modules already initialized, skipping
Refreshing native plugins compatible for Editor in 0.44 ms, found 1 plugins.
Preloading 0 native plugins for Editor in 0.00 ms.
Unloading 1792 Unused Serialized files (Serialized files now loaded: 0)
System memory in use before: 88.4 MB.
System memory in use after: 88.4 MB.

Unloading 12 unused Assets to reduce memory usage. Loaded Objects now: 2393.
Total: 2.670000 ms (FindLiveObjects: 0.358600 ms CreateObjectMapping: 0.138800 ms MarkObjects: 2.040800 ms  DeleteObjects: 0.130200 ms)

========================================================================
Received Prepare
Registering precompiled user dll's ...
Registered in 0.001005 seconds.
Begin MonoManager ReloadAssembly
Native extension for WindowsStandalone target not found
Refreshing native plugins compatible for Editor in 0.56 ms, found 1 plugins.
Preloading 0 native plugins for Editor in 0.00 ms.
Invoked RoslynAnalysisRunner static constructor.
RoslynAnalysisRunner will not be running.
RoslynAnalysisRunner has terminated.
Mono: successfully reloaded assembly
- Completed reload, in  0.934 seconds
Platform modules already initialized, skipping
Refreshing native plugins compatible for Editor in 0.55 ms, found 1 plugins.
Preloading 0 native plugins for Editor in 0.00 ms.
Unloading 1792 Unused Serialized files (Serialized files now loaded: 0)
System memory in use before: 88.4 MB.
System memory in use after: 88.4 MB.

Unloading 12 unused Assets to reduce memory usage. Loaded Objects now: 2396.
Total: 3.314300 ms (FindLiveObjects: 0.301000 ms CreateObjectMapping: 0.124700 ms MarkObjects: 2.727800 ms  DeleteObjects: 0.159000 ms)

========================================================================
Received Prepare
Registering precompiled user dll's ...
Registered in 0.000928 seconds.
Begin MonoManager ReloadAssembly
Native extension for WindowsStandalone target not found
Refreshing native plugins compatible for Editor in 0.35 ms, found 1 plugins.
Preloading 0 native plugins for Editor in 0.00 ms.
Invoked RoslynAnalysisRunner static constructor.
RoslynAnalysisRunner will not be running.
RoslynAnalysisRunner has terminated.
Mono: successfully reloaded assembly
- Completed reload, in  1.027 seconds
Platform modules already initialized, skipping
Refreshing native plugins compatible for Editor in 0.43 ms, found 1 plugins.
Preloading 0 native plugins for Editor in 0.00 ms.
Unloading 1792 Unused Serialized files (Serialized files now loaded: 0)
System memory in use before: 88.4 MB.
System memory in use after: 88.4 MB.

Unloading 12 unused Assets to reduce memory usage. Loaded Objects now: 2399.
Total: 2.442000 ms (FindLiveObjects: 0.303400 ms CreateObjectMapping: 0.121400 ms MarkObjects: 1.881900 ms  DeleteObjects: 0.133100 ms)

========================================================================
Received Import Request.
  Time since last request: 483.476910 seconds.
  path: Assets/Scenes
  artifactKey: Guid(8c18a46fab746f348b6556661504860c) Importer(815301076,1909f56bfc062723c751e8b465ee728b)
Start importing Assets/Scenes using Guid(8c18a46fab746f348b6556661504860c) Importer(815301076,1909f56bfc062723c751e8b465ee728b)  -> (artifact id: '918a153ac04f28562a3fdc96c36b3336') in 0.010385 seconds
  Import took 0.014413 seconds .

========================================================================
Received Import Request.
  Time since last request: 0.958574 seconds.
  path: Assets/Scenes/SampleScene.unity
  artifactKey: Guid(2cda990e2423bbf4892e6590ba056729) Importer(815301076,1909f56bfc062723c751e8b465ee728b)
Start importing Assets/Scenes/SampleScene.unity using Guid(2cda990e2423bbf4892e6590ba056729) Importer(815301076,1909f56bfc062723c751e8b465ee728b)  -> (artifact id: 'a32717a1db835c8b986304cd8fcac11c') in 0.017321 seconds
  Import took 0.022862 seconds .

========================================================================
Received Prepare
Registering precompiled user dll's ...
Registered in 0.000799 seconds.
Begin MonoManager ReloadAssembly
Native extension for WindowsStandalone target not found
Refreshing native plugins compatible for Editor in 0.34 ms, found 1 plugins.
Preloading 0 native plugins for Editor in 0.00 ms.
Invoked RoslynAnalysisRunner static constructor.
RoslynAnalysisRunner will not be running.
RoslynAnalysisRunner has terminated.
Mono: successfully reloaded assembly
- Completed reload, in  1.044 seconds
Platform modules already initialized, skipping
Refreshing native plugins compatible for Editor in 0.35 ms, found 1 plugins.
Preloading 0 native plugins for Editor in 0.00 ms.
Unloading 1792 Unused Serialized files (Serialized files now loaded: 0)
System memory in use before: 88.4 MB.
System memory in use after: 88.4 MB.

Unloading 12 unused Assets to reduce memory usage. Loaded Objects now: 2402.
Total: 2.355000 ms (FindLiveObjects: 0.367300 ms CreateObjectMapping: 0.147000 ms MarkObjects: 1.735000 ms  DeleteObjects: 0.103900 ms)

========================================================================
Received Prepare
Registering precompiled user dll's ...
Registered in 0.001055 seconds.
Begin MonoManager ReloadAssembly
Native extension for WindowsStandalone target not found
Refreshing native plugins compatible for Editor in 0.41 ms, found 1 plugins.
Preloading 0 native plugins for Editor in 0.00 ms.
Invoked RoslynAnalysisRunner static constructor.
RoslynAnalysisRunner will not be running.
RoslynAnalysisRunner has terminated.
Mono: successfully reloaded assembly
- Completed reload, in  1.032 seconds
Platform modules already initialized, skipping
Refreshing native plugins compatible for Editor in 1.08 ms, found 1 plugins.
Preloading 0 native plugins for Editor in 0.00 ms.
Unloading 1792 Unused Serialized files (Serialized files now loaded: 0)
System memory in use before: 88.4 MB.
System memory in use after: 88.4 MB.

Unloading 12 unused Assets to reduce memory usage. Loaded Objects now: 2405.
Total: 3.953800 ms (FindLiveObjects: 0.756100 ms CreateObjectMapping: 0.326000 ms MarkObjects: 2.726000 ms  DeleteObjects: 0.143000 ms)

========================================================================
Received Prepare
Registering precompiled user dll's ...
Registered in 0.001001 seconds.
Begin MonoManager ReloadAssembly
Native extension for WindowsStandalone target not found
Refreshing native plugins compatible for Editor in 0.36 ms, found 1 plugins.
Preloading 0 native plugins for Editor in 0.00 ms.
Invoked RoslynAnalysisRunner static constructor.
RoslynAnalysisRunner will not be running.
RoslynAnalysisRunner has terminated.
Mono: successfully reloaded assembly
- Completed reload, in  0.968 seconds
Platform modules already initialized, skipping
Refreshing native plugins compatible for Editor in 0.56 ms, found 1 plugins.
Preloading 0 native plugins for Editor in 0.00 ms.
Unloading 1792 Unused Serialized files (Serialized files now loaded: 0)
System memory in use before: 88.4 MB.
System memory in use after: 88.4 MB.

Unloading 12 unused Assets to reduce memory usage. Loaded Objects now: 2408.
Total: 2.338500 ms (FindLiveObjects: 0.361600 ms CreateObjectMapping: 0.138700 ms MarkObjects: 1.727200 ms  DeleteObjects: 0.109600 ms)

========================================================================
Received Prepare
Registering precompiled user dll's ...
Registered in 0.001098 seconds.
Begin MonoManager ReloadAssembly
Native extension for WindowsStandalone target not found
Refreshing native plugins compatible for Editor in 0.61 ms, found 1 plugins.
Preloading 0 native plugins for Editor in 0.00 ms.
Invoked RoslynAnalysisRunner static constructor.
RoslynAnalysisRunner will not be running.
RoslynAnalysisRunner has terminated.
Mono: successfully reloaded assembly
- Completed reload, in  1.155 seconds
Platform modules already initialized, skipping
Refreshing native plugins compatible for Editor in 0.40 ms, found 1 plugins.
Preloading 0 native plugins for Editor in 0.00 ms.
Unloading 1792 Unused Serialized files (Serialized files now loaded: 0)
System memory in use before: 88.4 MB.
System memory in use after: 88.4 MB.

Unloading 12 unused Assets to reduce memory usage. Loaded Objects now: 2411.
Total: 2.974200 ms (FindLiveObjects: 0.321600 ms CreateObjectMapping: 0.130600 ms MarkObjects: 2.385200 ms  DeleteObjects: 0.135100 ms)

========================================================================
Received Prepare
Registering precompiled user dll's ...
Registered in 0.000757 seconds.
Begin MonoManager ReloadAssembly
Native extension for WindowsStandalone target not found
Refreshing native plugins compatible for Editor in 0.58 ms, found 1 plugins.
Preloading 0 native plugins for Editor in 0.00 ms.
Invoked RoslynAnalysisRunner static constructor.
RoslynAnalysisRunner will not be running.
RoslynAnalysisRunner has terminated.
Mono: successfully reloaded assembly
- Completed reload, in  0.976 seconds
Platform modules already initialized, skipping
Refreshing native plugins compatible for Editor in 0.35 ms, found 1 plugins.
Preloading 0 native plugins for Editor in 0.00 ms.
Unloading 1792 Unused Serialized files (Serialized files now loaded: 0)
System memory in use before: 88.4 MB.
System memory in use after: 88.4 MB.

Unloading 12 unused Assets to reduce memory usage. Loaded Objects now: 2414.
Total: 2.558600 ms (FindLiveObjects: 0.244600 ms CreateObjectMapping: 0.094800 ms MarkObjects: 2.101600 ms  DeleteObjects: 0.115700 ms)

========================================================================
Received Prepare
Registering precompiled user dll's ...
Registered in 0.001250 seconds.
Begin MonoManager ReloadAssembly
Native extension for WindowsStandalone target not found
Refreshing native plugins compatible for Editor in 0.56 ms, found 1 plugins.
Preloading 0 native plugins for Editor in 0.00 ms.
Invoked RoslynAnalysisRunner static constructor.
RoslynAnalysisRunner will not be running.
RoslynAnalysisRunner has terminated.
Mono: successfully reloaded assembly
- Completed reload, in  1.026 seconds
Platform modules already initialized, skipping
Refreshing native plugins compatible for Editor in 0.35 ms, found 1 plugins.
Preloading 0 native plugins for Editor in 0.00 ms.
Unloading 1792 Unused Serialized files (Serialized files now loaded: 0)
System memory in use before: 88.5 MB.
System memory in use after: 88.4 MB.

Unloading 12 unused Assets to reduce memory usage. Loaded Objects now: 2417.
Total: 2.377900 ms (FindLiveObjects: 0.307300 ms CreateObjectMapping: 0.101300 ms MarkObjects: 1.838900 ms  DeleteObjects: 0.128900 ms)

========================================================================
Received Import Request.
  Time since last request: 456.316360 seconds.
  path: Assets/Scripts/Coin.cs
  artifactKey: Guid(4198a3aafad3e2d4187001d2a28dc5a7) Importer(815301076,1909f56bfc062723c751e8b465ee728b)
Start importing Assets/Scripts/Coin.cs using Guid(4198a3aafad3e2d4187001d2a28dc5a7) Importer(815301076,1909f56bfc062723c751e8b465ee728b)  -> (artifact id: '35846dfc0b27d1d93e486488cead0a96') in 0.011272 seconds
  Import took 0.015428 seconds .

========================================================================
Received Prepare
Registering precompiled user dll's ...
Registered in 0.001286 seconds.
Begin MonoManager ReloadAssembly
Native extension for WindowsStandalone target not found
Refreshing native plugins compatible for Editor in 0.45 ms, found 1 plugins.
Preloading 0 native plugins for Editor in 0.00 ms.
Invoked RoslynAnalysisRunner static constructor.
RoslynAnalysisRunner will not be running.
RoslynAnalysisRunner has terminated.
Mono: successfully reloaded assembly
- Completed reload, in  1.309 seconds
Platform modules already initialized, skipping
Refreshing native plugins compatible for Editor in 0.57 ms, found 1 plugins.
Preloading 0 native plugins for Editor in 0.00 ms.
Unloading 1793 Unused Serialized files (Serialized files now loaded: 0)
System memory in use before: 88.5 MB.
System memory in use after: 88.5 MB.

Unloading 12 unused Assets to reduce memory usage. Loaded Objects now: 2421.
Total: 3.026500 ms (FindLiveObjects: 0.290500 ms CreateObjectMapping: 0.097500 ms MarkObjects: 2.491900 ms  DeleteObjects: 0.144700 ms)

========================================================================
Received Prepare
Registering precompiled user dll's ...
Registered in 0.001109 seconds.
Begin MonoManager ReloadAssembly
Native extension for WindowsStandalone target not found
Refreshing native plugins compatible for Editor in 0.38 ms, found 1 plugins.
Preloading 0 native plugins for Editor in 0.00 ms.
Invoked RoslynAnalysisRunner static constructor.
RoslynAnalysisRunner will not be running.
RoslynAnalysisRunner has terminated.
Mono: successfully reloaded assembly
- Completed reload, in  1.050 seconds
Platform modules already initialized, skipping
Refreshing native plugins compatible for Editor in 0.44 ms, found 1 plugins.
Preloading 0 native plugins for Editor in 0.00 ms.
Unloading 1793 Unused Serialized files (Serialized files now loaded: 0)
System memory in use before: 88.5 MB.
System memory in use after: 88.5 MB.

Unloading 12 unused Assets to reduce memory usage. Loaded Objects now: 2424.
Total: 2.634800 ms (FindLiveObjects: 0.525600 ms CreateObjectMapping: 0.185100 ms MarkObjects: 1.812500 ms  DeleteObjects: 0.109800 ms)

========================================================================
Received Import Request.
  Time since last request: 32.299097 seconds.
  path: Assets/Scripts/Coin.cs
  artifactKey: Guid(4198a3aafad3e2d4187001d2a28dc5a7) Importer(815301076,1909f56bfc062723c751e8b465ee728b)
Start importing Assets/Scripts/Coin.cs using Guid(4198a3aafad3e2d4187001d2a28dc5a7) Importer(815301076,1909f56bfc062723c751e8b465ee728b)  -> (artifact id: 'bab7ab369bb13eef87127ff613af5a44') in 0.005263 seconds
  Import took 0.009218 seconds .

========================================================================
Received Prepare
Registering precompiled user dll's ...
Registered in 0.001498 seconds.
Begin MonoManager ReloadAssembly
Native extension for WindowsStandalone target not found
Refreshing native plugins compatible for Editor in 0.46 ms, found 1 plugins.
Preloading 0 native plugins for Editor in 0.00 ms.
Invoked RoslynAnalysisRunner static constructor.
RoslynAnalysisRunner will not be running.
RoslynAnalysisRunner has terminated.
Mono: successfully reloaded assembly
- Completed reload, in  1.220 seconds
Platform modules already initialized, skipping
Refreshing native plugins compatible for Editor in 0.41 ms, found 1 plugins.
Preloading 0 native plugins for Editor in 0.00 ms.
Unloading 1793 Unused Serialized files (Serialized files now loaded: 0)
System memory in use before: 88.5 MB.
System memory in use after: 88.5 MB.

Unloading 12 unused Assets to reduce memory usage. Loaded Objects now: 2427.
Total: 2.596600 ms (FindLiveObjects: 0.291900 ms CreateObjectMapping: 0.102100 ms MarkObjects: 2.079500 ms  DeleteObjects: 0.121200 ms)

========================================================================
Received Prepare
Registering precompiled user dll's ...
Registered in 0.001295 seconds.
Begin MonoManager ReloadAssembly
Native extension for WindowsStandalone target not found
Refreshing native plugins compatible for Editor in 0.42 ms, found 1 plugins.
Preloading 0 native plugins for Editor in 0.00 ms.
Invoked RoslynAnalysisRunner static constructor.
RoslynAnalysisRunner will not be running.
RoslynAnalysisRunner has terminated.
Mono: successfully reloaded assembly
- Completed reload, in  1.089 seconds
Platform modules already initialized, skipping
Refreshing native plugins compatible for Editor in 0.59 ms, found 1 plugins.
Preloading 0 native plugins for Editor in 0.00 ms.
Unloading 1793 Unused Serialized files (Serialized files now loaded: 0)
System memory in use before: 88.5 MB.
System memory in use after: 88.5 MB.

Unloading 12 unused Assets to reduce memory usage. Loaded Objects now: 2430.
Total: 2.531900 ms (FindLiveObjects: 0.310300 ms CreateObjectMapping: 0.124500 ms MarkObjects: 1.972400 ms  DeleteObjects: 0.122700 ms)

========================================================================
Received Prepare
Refreshing native plugins compatible for Editor in 1.17 ms, found 1 plugins.
Preloading 0 native plugins for Editor in 0.00 ms.
Unloading 10 Unused Serialized files (Serialized files now loaded: 0)
System memory in use before: 53.3 MB.
System memory in use after: 53.3 MB.

Unloading 10 unused Assets to reduce memory usage. Loaded Objects now: 2430.
Total: 2.254500 ms (FindLiveObjects: 0.270600 ms CreateObjectMapping: 0.088300 ms MarkObjects: 1.769800 ms  DeleteObjects: 0.124200 ms)

AssetImportWorkerClient::OnTransportError - code=2 error=End of file
